#
# There is insufficient memory for the Java Runtime Environment to continue.
# Native memory allocation (malloc) failed to allocate 374496 bytes for Chunk::new
# Possible reasons:
#   The system is out of physical RAM or swap space
#   The process is running with CompressedOops enabled, and the Java Heap may be blocking the growth of the native heap
# Possible solutions:
#   Reduce memory load on the system
#   Increase physical memory or swap space
#   Check if swap backing store is full
#   Decrease Java heap size (-Xmx/-Xms)
#   Decrease number of Java threads
#   Decrease Java thread stack sizes (-Xss)
#   Set larger code cache with -XX:ReservedCodeCacheSize=
#   JVM is running with Unscaled Compressed Oops mode in which the Java heap is
#     placed in the first 4GB address space. The Java Heap base address is the
#     maximum limit for the native heap growth. Please use -XX:HeapBaseMinAddress
#     to set the Java Heap base and to place the Java Heap above 4GB virtual address.
# This output file may be truncated or incomplete.
#
#  Out of Memory Error (allocation.cpp:389), pid=25712, tid=0x00000000000051a4
#
# JRE version: OpenJDK Runtime Environment (8.0_242-b01) (build 1.8.0_242-release-1644-b01)
# Java VM: OpenJDK 64-Bit Server VM (25.242-b01 mixed mode windows-amd64 compressed oops)
# Failed to write core dump. Minidumps are not enabled by default on client versions of Windows
#

---------------  T H R E A D  ---------------

Current thread (0x00000000180dd000):  JavaThread "C2 CompilerThread1" daemon [_thread_in_native, id=20900, stack(0x000000001a7b0000,0x000000001a8b0000)]

Stack: [0x000000001a7b0000,0x000000001a8b0000]
[error occurred during error reporting (printing stack bounds), id 0xc0000005]

Native frames: (J=compiled Java code, j=interpreted, Vv=VM code, C=native code)


Current CompileTask:
C2:   3488 1716       4       org.jetbrains.kotlin.com.intellij.openapi.vfs.impl.ZipHandlerBase::getOrCreate (189 bytes)


---------------  P R O C E S S  ---------------

Java Threads: ( => current thread )
  0x0000000019fdf800 JavaThread "Service Thread" daemon [_thread_blocked, id=26864, stack(0x000000001aab0000,0x000000001abb0000)]
  0x0000000019f5d000 JavaThread "C1 CompilerThread3" daemon [_thread_blocked, id=19044, stack(0x000000001a9b0000,0x000000001aab0000)]
  0x0000000019f54000 JavaThread "C2 CompilerThread2" daemon [_thread_in_native, id=29484, stack(0x000000001a8b0000,0x000000001a9b0000)]
=>0x00000000180dd000 JavaThread "C2 CompilerThread1" daemon [_thread_in_native, id=20900, stack(0x000000001a7b0000,0x000000001a8b0000)]
  0x00000000180db000 JavaThread "C2 CompilerThread0" daemon [_thread_blocked, id=8516, stack(0x000000001a6b0000,0x000000001a7b0000)]
  0x0000000019f48800 JavaThread "Attach Listener" daemon [_thread_blocked, id=3904, stack(0x000000001a5b0000,0x000000001a6b0000)]
  0x0000000019ef6000 JavaThread "Signal Dispatcher" daemon [_thread_blocked, id=16216, stack(0x000000001a4b0000,0x000000001a5b0000)]
  0x000000000315d000 JavaThread "Finalizer" daemon [_thread_blocked, id=11724, stack(0x000000001a3b0000,0x000000001a4b0000)]
  0x0000000019ed0800 JavaThread "Reference Handler" daemon [_thread_blocked, id=16348, stack(0x000000001a2b0000,0x000000001a3b0000)]
  0x0000000003065800 JavaThread "main" [_thread_in_vm, id=2540, stack(0x0000000002f60000,0x0000000003060000)]

Other Threads:
  0x00000000180c6800 VMThread [stack: 0x0000000019db0000,0x0000000019eb0000] [id=35052]
  0x0000000019fe8000 WatcherThread [stack: 0x000000001abb0000,0x000000001acb0000] [id=30472]

VM state:not at safepoint (normal execution)

VM Mutex/Monitor currently owned by a thread: None

heap address: 0x0000000081e00000, size: 2018 MB, Compressed Oops mode: 32-bit
Narrow klass base: 0x0000000000000000, Narrow klass shift: 3
Compressed class space size: 1073741824 Address: 0x0000000100000000

Heap:
 PSYoungGen      total 38400K, used 24337K [0x00000000d5f80000, 0x00000000d8a00000, 0x0000000100000000)
  eden space 33280K, 73% used [0x00000000d5f80000,0x00000000d7744448,0x00000000d8000000)
  from space 5120K, 0% used [0x00000000d8000000,0x00000000d8000000,0x00000000d8500000)
  to   space 5120K, 0% used [0x00000000d8500000,0x00000000d8500000,0x00000000d8a00000)
 ParOldGen       total 66560K, used 9266K [0x0000000081e00000, 0x0000000085f00000, 0x00000000d5f80000)
  object space 66560K, 13% used [0x0000000081e00000,0x000000008270cb80,0x0000000085f00000)
 Metaspace       used 22959K, capacity 23510K, committed 23728K, reserved 1071104K
  class space    used 2744K, capacity 2931K, committed 2992K, reserved 1048576K

Card table byte_map: [0x0000000012520000,0x0000000012920000] byte_map_base: 0x0000000012111000

Marking Bits: (ParMarkBitMap*) 0x000000005159f030
 Begin Bits: [0x00000000133d0000, 0x0000000015358000)
 End Bits:   [0x0000000015358000, 0x00000000172e0000)

Polling page: 0x0000000001620000

CodeCache: size=245760Kb used=5367Kb max_used=5381Kb free=240392Kb
 bounds [0x0000000003160000, 0x00000000036b0000, 0x0000000012160000]
 total_blobs=2179 nmethods=1761 adapters=331
 compilation: enabled

Compilation events (10 events):
Event: 3.420 Thread 0x0000000019f5d000 nmethod 1761 0x000000000369a5d0 code [0x000000000369a720, 0x000000000369a830]
Event: 3.428 Thread 0x00000000180db000 nmethod 1709 0x000000000369fed0 code [0x00000000036a0280, 0x00000000036a3350]
Event: 3.428 Thread 0x00000000180db000 1760   !   4       java.util.concurrent.ConcurrentHashMap::transfer (832 bytes)
Event: 3.453 Thread 0x0000000019f5d000 1763       3       sun.reflect.ConstructorAccessorImpl::<init> (5 bytes)
Event: 3.454 Thread 0x0000000019f5d000 nmethod 1763 0x000000000369a190 code [0x000000000369a300, 0x000000000369a510]
Event: 3.459 Thread 0x00000000180db000 nmethod 1760 0x0000000003695550 code [0x00000000036956e0, 0x0000000003696468]
Event: 3.459 Thread 0x00000000180db000 1762       4       jdk.internal.org.objectweb.asm.ClassWriter::put (152 bytes)
Event: 3.461 Thread 0x00000000180db000 nmethod 1762 0x0000000003695150 code [0x00000000036952a0, 0x00000000036953d8]
Event: 3.473 Thread 0x0000000019f5d000 1764       3       kotlin.Pair::<init> (15 bytes)
Event: 3.473 Thread 0x0000000019f5d000 nmethod 1764 0x0000000003694d90 code [0x0000000003694ee0, 0x00000000036950b0]

GC Heap History (8 events):
Event: 1.249 GC heap before
{Heap before GC invocations=1 (full 0):
 PSYoungGen      total 38400K, used 33280K [0x00000000d5f80000, 0x00000000d8a00000, 0x0000000100000000)
  eden space 33280K, 100% used [0x00000000d5f80000,0x00000000d8000000,0x00000000d8000000)
  from space 5120K, 0% used [0x00000000d8500000,0x00000000d8500000,0x00000000d8a00000)
  to   space 5120K, 0% used [0x00000000d8000000,0x00000000d8000000,0x00000000d8500000)
 ParOldGen       total 87552K, used 0K [0x0000000081e00000, 0x0000000087380000, 0x00000000d5f80000)
  object space 87552K, 0% used [0x0000000081e00000,0x0000000081e00000,0x0000000087380000)
 Metaspace       used 10126K, capacity 10300K, committed 10496K, reserved 1058816K
  class space    used 1106K, capacity 1180K, committed 1280K, reserved 1048576K
Event: 1.261 GC heap after
Heap after GC invocations=1 (full 0):
 PSYoungGen      total 38400K, used 5107K [0x00000000d5f80000, 0x00000000d8a00000, 0x0000000100000000)
  eden space 33280K, 0% used [0x00000000d5f80000,0x00000000d5f80000,0x00000000d8000000)
  from space 5120K, 99% used [0x00000000d8000000,0x00000000d84fcf60,0x00000000d8500000)
  to   space 5120K, 0% used [0x00000000d8500000,0x00000000d8500000,0x00000000d8a00000)
 ParOldGen       total 87552K, used 2929K [0x0000000081e00000, 0x0000000087380000, 0x00000000d5f80000)
  object space 87552K, 3% used [0x0000000081e00000,0x00000000820dc7c0,0x0000000087380000)
 Metaspace       used 10126K, capacity 10300K, committed 10496K, reserved 1058816K
  class space    used 1106K, capacity 1180K, committed 1280K, reserved 1048576K
}
Event: 2.330 GC heap before
{Heap before GC invocations=2 (full 0):
 PSYoungGen      total 38400K, used 38387K [0x00000000d5f80000, 0x00000000d8a00000, 0x0000000100000000)
  eden space 33280K, 100% used [0x00000000d5f80000,0x00000000d8000000,0x00000000d8000000)
  from space 5120K, 99% used [0x00000000d8000000,0x00000000d84fcf60,0x00000000d8500000)
  to   space 5120K, 0% used [0x00000000d8500000,0x00000000d8500000,0x00000000d8a00000)
 ParOldGen       total 87552K, used 2929K [0x0000000081e00000, 0x0000000087380000, 0x00000000d5f80000)
  object space 87552K, 3% used [0x0000000081e00000,0x00000000820dc7c0,0x0000000087380000)
 Metaspace       used 16007K, capacity 16366K, committed 16640K, reserved 1064960K
  class space    used 1860K, capacity 1947K, committed 2048K, reserved 1048576K
Event: 2.343 GC heap after
Heap after GC invocations=2 (full 0):
 PSYoungGen      total 38400K, used 5096K [0x00000000d5f80000, 0x00000000d8a00000, 0x0000000100000000)
  eden space 33280K, 0% used [0x00000000d5f80000,0x00000000d5f80000,0x00000000d8000000)
  from space 5120K, 99% used [0x00000000d8500000,0x00000000d89fa040,0x00000000d8a00000)
  to   space 5120K, 0% used [0x00000000d8000000,0x00000000d8000000,0x00000000d8500000)
 ParOldGen       total 87552K, used 8164K [0x0000000081e00000, 0x0000000087380000, 0x00000000d5f80000)
  object space 87552K, 9% used [0x0000000081e00000,0x00000000825f9010,0x0000000087380000)
 Metaspace       used 16007K, capacity 16366K, committed 16640K, reserved 1064960K
  class space    used 1860K, capacity 1947K, committed 2048K, reserved 1048576K
}
Event: 2.888 GC heap before
{Heap before GC invocations=3 (full 0):
 PSYoungGen      total 38400K, used 23425K [0x00000000d5f80000, 0x00000000d8a00000, 0x0000000100000000)
  eden space 33280K, 55% used [0x00000000d5f80000,0x00000000d7166788,0x00000000d8000000)
  from space 5120K, 99% used [0x00000000d8500000,0x00000000d89fa040,0x00000000d8a00000)
  to   space 5120K, 0% used [0x00000000d8000000,0x00000000d8000000,0x00000000d8500000)
 ParOldGen       total 87552K, used 8164K [0x0000000081e00000, 0x0000000087380000, 0x00000000d5f80000)
  object space 87552K, 9% used [0x0000000081e00000,0x00000000825f9010,0x0000000087380000)
 Metaspace       used 20867K, capacity 21254K, committed 21296K, reserved 1069056K
  class space    used 2460K, capacity 2594K, committed 2608K, reserved 1048576K
Event: 2.900 GC heap after
Heap after GC invocations=3 (full 0):
 PSYoungGen      total 38400K, used 5112K [0x00000000d5f80000, 0x00000000d8a00000, 0x0000000100000000)
  eden space 33280K, 0% used [0x00000000d5f80000,0x00000000d5f80000,0x00000000d8000000)
  from space 5120K, 99% used [0x00000000d8000000,0x00000000d84fe010,0x00000000d8500000)
  to   space 5120K, 0% used [0x00000000d8500000,0x00000000d8500000,0x00000000d8a00000)
 ParOldGen       total 87552K, used 12347K [0x0000000081e00000, 0x0000000087380000, 0x00000000d5f80000)
  object space 87552K, 14% used [0x0000000081e00000,0x0000000082a0ee48,0x0000000087380000)
 Metaspace       used 20867K, capacity 21254K, committed 21296K, reserved 1069056K
  class space    used 2460K, capacity 2594K, committed 2608K, reserved 1048576K
}
Event: 2.900 GC heap before
{Heap before GC invocations=4 (full 1):
 PSYoungGen      total 38400K, used 5112K [0x00000000d5f80000, 0x00000000d8a00000, 0x0000000100000000)
  eden space 33280K, 0% used [0x00000000d5f80000,0x00000000d5f80000,0x00000000d8000000)
  from space 5120K, 99% used [0x00000000d8000000,0x00000000d84fe010,0x00000000d8500000)
  to   space 5120K, 0% used [0x00000000d8500000,0x00000000d8500000,0x00000000d8a00000)
 ParOldGen       total 87552K, used 12347K [0x0000000081e00000, 0x0000000087380000, 0x00000000d5f80000)
  object space 87552K, 14% used [0x0000000081e00000,0x0000000082a0ee48,0x0000000087380000)
 Metaspace       used 20867K, capacity 21254K, committed 21296K, reserved 1069056K
  class space    used 2460K, capacity 2594K, committed 2608K, reserved 1048576K
Event: 2.947 GC heap after
Heap after GC invocations=4 (full 1):
 PSYoungGen      total 38400K, used 0K [0x00000000d5f80000, 0x00000000d8a00000, 0x0000000100000000)
  eden space 33280K, 0% used [0x00000000d5f80000,0x00000000d5f80000,0x00000000d8000000)
  from space 5120K, 0% used [0x00000000d8000000,0x00000000d8000000,0x00000000d8500000)
  to   space 5120K, 0% used [0x00000000d8500000,0x00000000d8500000,0x00000000d8a00000)
 ParOldGen       total 66560K, used 9266K [0x0000000081e00000, 0x0000000085f00000, 0x00000000d5f80000)
  object space 66560K, 13% used [0x0000000081e00000,0x000000008270cb80,0x0000000085f00000)
 Metaspace       used 20867K, capacity 21254K, committed 21296K, reserved 1069056K
  class space    used 2460K, capacity 2594K, committed 2608K, reserved 1048576K
}

Deoptimization events (10 events):
Event: 2.953 Thread 0x0000000003065800 Uncommon trap: reason=unstable_if action=reinterpret pc=0x0000000003380360 method=sun.misc.MetaIndex.mayContain(Ljava/lang/String;)Z @ 38
Event: 3.169 Thread 0x0000000003065800 Uncommon trap: reason=unstable_if action=reinterpret pc=0x00000000034c8fa4 method=java.lang.String.<init>([CII)V @ 18
Event: 3.449 Thread 0x0000000003065800 Uncommon trap: reason=class_check action=maybe_recompile pc=0x0000000003687da0 method=gnu.trove.TObjectHash.computeHashCode(Ljava/lang/Object;)I @ 5
Event: 3.449 Thread 0x0000000003065800 Uncommon trap: reason=class_check action=maybe_recompile pc=0x0000000003687da0 method=gnu.trove.TObjectHash.computeHashCode(Ljava/lang/Object;)I @ 5
Event: 3.449 Thread 0x0000000003065800 Uncommon trap: reason=class_check action=maybe_recompile pc=0x0000000003687da0 method=gnu.trove.TObjectHash.computeHashCode(Ljava/lang/Object;)I @ 5
Event: 3.450 Thread 0x0000000003065800 Uncommon trap: reason=class_check action=maybe_recompile pc=0x0000000003687da0 method=gnu.trove.TObjectHash.computeHashCode(Ljava/lang/Object;)I @ 5
Event: 3.450 Thread 0x0000000003065800 Uncommon trap: reason=class_check action=maybe_recompile pc=0x000000000366df88 method=gnu.trove.TObjectHash.equals(Ljava/lang/Object;Ljava/lang/Object;)Z @ 6
Event: 3.454 Thread 0x0000000003065800 Uncommon trap: reason=class_check action=maybe_recompile pc=0x000000000366df88 method=gnu.trove.TObjectHash.equals(Ljava/lang/Object;Ljava/lang/Object;)Z @ 6
Event: 3.455 Thread 0x0000000003065800 Uncommon trap: reason=class_check action=maybe_recompile pc=0x000000000366df88 method=gnu.trove.TObjectHash.equals(Ljava/lang/Object;Ljava/lang/Object;)Z @ 6
Event: 3.455 Thread 0x0000000003065800 Uncommon trap: reason=class_check action=maybe_recompile pc=0x000000000366df88 method=gnu.trove.TObjectHash.equals(Ljava/lang/Object;Ljava/lang/Object;)Z @ 6

Classes redefined (0 events):
No events

Internal exceptions (10 events):
Event: 0.746 Thread 0x0000000003065800 Exception <a 'java/security/PrivilegedActionException'> (0x00000000d6e5d790) thrown at [C:\src\AOSP-openjdk-git\hotspot\src\share\vm\prims\jvm.cpp, line 1502]
Event: 0.747 Thread 0x0000000003065800 Exception <a 'java/security/PrivilegedActionException'> (0x00000000d6e5f3c0) thrown at [C:\src\AOSP-openjdk-git\hotspot\src\share\vm\prims\jvm.cpp, line 1502]
Event: 0.747 Thread 0x0000000003065800 Exception <a 'java/security/PrivilegedActionException'> (0x00000000d6e5f7b8) thrown at [C:\src\AOSP-openjdk-git\hotspot\src\share\vm\prims\jvm.cpp, line 1502]
Event: 1.155 Thread 0x0000000003065800 Exception <a 'java/lang/ArrayIndexOutOfBoundsException'> (0x00000000d7b72358) thrown at [C:\src\AOSP-openjdk-git\hotspot\src\share\vm\runtime\sharedRuntime.cpp, line 605]
Event: 1.407 Thread 0x0000000003065800 Exception <a 'java/lang/ArrayIndexOutOfBoundsException'> (0x00000000d64bea80) thrown at [C:\src\AOSP-openjdk-git\hotspot\src\share\vm\runtime\sharedRuntime.cpp, line 605]
Event: 2.374 Thread 0x0000000003065800 Exception <a 'java/lang/NoSuchMethodError': java.lang.Object.lambda$comparing$77a9974f$1(Ljava/util/function/Function;Ljava/lang/Object;Ljava/lang/Object;)I> (0x00000000d6077c48) thrown at [C:\src\AOSP-openjdk-git\hotspot\src\share\vm\interpreter\linkReso
Event: 2.400 Thread 0x0000000003065800 Exception <a 'java/lang/NoSuchMethodError': java.lang.Object.lambda$static$0()J> (0x00000000d6179f28) thrown at [C:\src\AOSP-openjdk-git\hotspot\src\share\vm\interpreter\linkResolver.cpp, line 620]
Event: 2.649 Thread 0x0000000003065800 Exception <a 'java/lang/NoSuchMethodError': java.lang.Object.lambda$static$0(I)[Lorg/jetbrains/kotlin/com/intellij/openapi/editor/event/DocumentListener;> (0x00000000d68c3680) thrown at [C:\src\AOSP-openjdk-git\hotspot\src\share\vm\interpreter\linkResolve
Event: 2.702 Thread 0x0000000003065800 Exception <a 'java/lang/NoSuchMethodError': java.lang.Object.lambda$static$0(I)[Lorg/jetbrains/kotlin/com/intellij/psi/PsiAnnotation;> (0x00000000d6b14f70) thrown at [C:\src\AOSP-openjdk-git\hotspot\src\share\vm\interpreter\linkResolver.cpp, line 620]
Event: 2.872 Thread 0x0000000003065800 Exception <a 'java/lang/NoSuchMethodError': java.lang.Object.lambda$static$0(I)[Lorg/jetbrains/kotlin/com/intellij/psi/PsiElement;> (0x00000000d705b698) thrown at [C:\src\AOSP-openjdk-git\hotspot\src\share\vm\interpreter\linkResolver.cpp, line 620]

Events (10 events):
Event: 3.483 loading class org/jetbrains/kotlin/types/model/SimpleTypeMarker
Event: 3.483 loading class org/jetbrains/kotlin/types/model/SimpleTypeMarker done
Event: 3.483 loading class org/jetbrains/kotlin/types/model/TypeArgumentListMarker
Event: 3.483 loading class org/jetbrains/kotlin/types/model/TypeArgumentListMarker done
Event: 3.483 loading class org/jetbrains/kotlin/types/UnwrappedType
Event: 3.483 loading class org/jetbrains/kotlin/types/UnwrappedType done
Event: 3.484 loading class org/jetbrains/kotlin/incremental/components/LookupLocation
Event: 3.484 loading class org/jetbrains/kotlin/incremental/components/LookupLocation done
Event: 3.484 loading class org/jetbrains/kotlin/descriptors/deserialization/PlatformDependentDeclarationFilter
Event: 3.484 loading class org/jetbrains/kotlin/descriptors/deserialization/PlatformDependentDeclarationFilter done


Dynamic libraries:
0x00007ff760ec0000 - 0x00007ff760ef1000 	D:\WIN10\Program Files\Android\Android Studio\jre\jre\bin\java.exe
0x00007ffa8d220000 - 0x00007ffa8d410000 	C:\WINDOWS\SYSTEM32\ntdll.dll
0x00007ffa8b780000 - 0x00007ffa8b832000 	C:\WINDOWS\System32\KERNEL32.DLL
0x00007ffa8a4a0000 - 0x00007ffa8a745000 	C:\WINDOWS\System32\KERNELBASE.dll
0x00007ffa8cde0000 - 0x00007ffa8ce83000 	C:\WINDOWS\System32\ADVAPI32.dll
0x00007ffa8c5f0000 - 0x00007ffa8c68e000 	C:\WINDOWS\System32\msvcrt.dll
0x00007ffa8b670000 - 0x00007ffa8b707000 	C:\WINDOWS\System32\sechost.dll
0x00007ffa8ce90000 - 0x00007ffa8cfb0000 	C:\WINDOWS\System32\RPCRT4.dll
0x00007ffa8cc40000 - 0x00007ffa8cdd4000 	C:\WINDOWS\System32\USER32.dll
0x00007ffa8a1a0000 - 0x00007ffa8a1c1000 	C:\WINDOWS\System32\win32u.dll
0x00007ffa8c790000 - 0x00007ffa8c7b6000 	C:\WINDOWS\System32\GDI32.dll
0x00007ffa8a750000 - 0x00007ffa8a8e6000 	C:\WINDOWS\System32\gdi32full.dll
0x00007ffa8b230000 - 0x00007ffa8b2ce000 	C:\WINDOWS\System32\msvcp_win.dll
0x00007ffa8b080000 - 0x00007ffa8b17a000 	C:\WINDOWS\System32\ucrtbase.dll
0x00007ffa77d70000 - 0x00007ffa77ff4000 	C:\WINDOWS\WinSxS\amd64_microsoft.windows.common-controls_6595b64144ccf1df_6.0.18362.1198_none_9e820b57e45ad92f\COMCTL32.dll
0x00007ffa8b2d0000 - 0x00007ffa8b605000 	C:\WINDOWS\System32\combase.dll
0x00007ffa8a220000 - 0x00007ffa8a2a0000 	C:\WINDOWS\System32\bcryptPrimitives.dll
0x00007ffa8d0f0000 - 0x00007ffa8d11e000 	C:\WINDOWS\System32\IMM32.DLL
0x00000000527d0000 - 0x00000000528a2000 	D:\WIN10\Program Files\Android\Android Studio\jre\jre\bin\msvcr100.dll
0x0000000050dd0000 - 0x000000005161b000 	D:\WIN10\Program Files\Android\Android Studio\jre\jre\bin\server\jvm.dll
0x00007ffa8cc30000 - 0x00007ffa8cc38000 	C:\WINDOWS\System32\PSAPI.DLL
0x00007ffa75640000 - 0x00007ffa75649000 	C:\WINDOWS\SYSTEM32\WSOCK32.dll
0x00007ffa8c2f0000 - 0x00007ffa8c35f000 	C:\WINDOWS\System32\WS2_32.dll
0x00007ffa868e0000 - 0x00007ffa86904000 	C:\WINDOWS\SYSTEM32\WINMM.dll
0x00007ffa89cb0000 - 0x00007ffa89cba000 	C:\WINDOWS\SYSTEM32\VERSION.dll
0x00007ffa868b0000 - 0x00007ffa868dd000 	C:\WINDOWS\SYSTEM32\winmmbase.dll
0x00007ffa8b180000 - 0x00007ffa8b1ca000 	C:\WINDOWS\System32\cfgmgr32.dll
0x00007ffa864a0000 - 0x00007ffa864af000 	D:\WIN10\Program Files\Android\Android Studio\jre\jre\bin\verify.dll
0x00007ffa7d7c0000 - 0x00007ffa7d7e9000 	D:\WIN10\Program Files\Android\Android Studio\jre\jre\bin\java.dll
0x00007ffa7d0d0000 - 0x00007ffa7d0e6000 	D:\WIN10\Program Files\Android\Android Studio\jre\jre\bin\zip.dll
0x00007ffa8b840000 - 0x00007ffa8bf27000 	C:\WINDOWS\System32\SHELL32.dll
0x00007ffa8c080000 - 0x00007ffa8c129000 	C:\WINDOWS\System32\shcore.dll
0x00007ffa8a8f0000 - 0x00007ffa8b071000 	C:\WINDOWS\System32\windows.storage.dll
0x00007ffa8a100000 - 0x00007ffa8a123000 	C:\WINDOWS\System32\profapi.dll
0x00007ffa8a130000 - 0x00007ffa8a17a000 	C:\WINDOWS\System32\powrprof.dll
0x00007ffa8a0d0000 - 0x00007ffa8a0e0000 	C:\WINDOWS\System32\UMPDC.dll
0x00007ffa8d120000 - 0x00007ffa8d172000 	C:\WINDOWS\System32\shlwapi.dll
0x00007ffa8a0e0000 - 0x00007ffa8a0f1000 	C:\WINDOWS\System32\kernel.appcore.dll
0x00007ffa8a200000 - 0x00007ffa8a217000 	C:\WINDOWS\System32\cryptsp.dll
0x00007ffa76e80000 - 0x00007ffa76e9a000 	D:\WIN10\Program Files\Android\Android Studio\jre\jre\bin\net.dll
0x00007ffa898b0000 - 0x00007ffa89917000 	C:\WINDOWS\system32\mswsock.dll
0x00007ffa678b0000 - 0x00007ffa678c3000 	D:\WIN10\Program Files\Android\Android Studio\jre\jre\bin\nio.dll

VM Arguments:
java_command: org.jetbrains.kotlin.cli.jvm.K2JVMCompiler -Xallow-no-source-files -classpath E:\androidProject\NewsApp\app\build\intermediates\compile_and_runtime_not_namespaced_r_class_jar\debug\R.jar;D:\Android\.gradle\caches\transforms-2\files-2.1\aca51cbcfd31cc8202f9ef892f9c7147\jetified-core-ktx-1.3.2-api.jar;D:\Android\.gradle\caches\transforms-2\files-2.1\3d6077e92a1e603a8c40332e9b15b91e\jetified-kotlin-android-extensions-runtime-1.3.72.jar;D:\Android\.gradle\caches\transforms-2\files-2.1\4ed8813dec9631a116b534b70dadf4e2\jetified-kotlin-stdlib-1.3.72.jar;D:\Android\.gradle\caches\transforms-2\files-2.1\8eb38228835690c49fe8f71143bc8ed0\jetified-kotlin-stdlib-common-1.3.72.jar;D:\Android\.gradle\caches\transforms-2\files-2.1\db84eb96dcb41b8023dfc5a17e7a034b\jetified-annotations-13.0.jar;D:\Android\.gradle\caches\transforms-2\files-2.1\9f81f509b085665d9ff44ab528ac1ca0\material-1.2.1-api.jar;D:\Android\.gradle\caches\transforms-2\files-2.1\8fe2bed2f113d7c2699cb2a04ad9a379\constraintlayout-2.0.4-api.jar;D:\Android\.gradle\caches\transforms-2\files-2.1\93778d03209b703b2835651278c910a2\appcompat-1.2.0-api.jar;D:\Android\.gradle\caches\transforms-2\files-2.1\3f2e8a133ef34e39369b2d67ce99cd1a\jetified-viewpager2-1.0.0-api.jar;D:\Android\.gradle\caches\transforms-2\files-2.1\c2f517fbc601ef2609a9f70a32732044\recyclerview-1.1.0-api.jar;D:\Android\.gradle\caches\transforms-2\files-2.1\7d1133262a8486552f8acc761ea93c37\fragment-1.1.0-api.jar;D:\Android\.gradle\caches\transforms-2\files-2.1\7c7245778409a672f74c0187bbc59faf\jetified-appcompat-resources-1.2.0-api.jar;D:\Android\.gradle\caches\transforms-2\files-2.1\670dabcb09c043da64eaad9bdc440b3d\drawerlayout-1.0.0-api.jar;D:\Android\.gradle\caches\transforms-2\files-2.1\b373091efafd655c162635c4a38399b1\coordinatorlayout-1.1.0-api.jar;D:\Android\.gradle\caches\transforms-2\files-2.1\4431c3e0904a4801e5ee42cea611dd3b\transition-1.2.0-api.jar;D:\Android\.gradle\caches\transforms-2\files-2.1\4869191592deee6fee144c19786b8aac\vecto
java_class_path (initial): D:\Android\.gradle\caches\modules-2\files-2.1\org.jetbrains.kotlin\kotlin-compiler-embeddable\1.3.72\fb72232c8fa977d5e07d33c43381ddbdc5edab6\kotlin-compiler-embeddable-1.3.72.jar;D:\Android\.gradle\caches\modules-2\files-2.1\org.jetbrains.kotlin\kotlin-reflect\1.3.72\86613e1a669a701b0c660bfd2af4f82a7ae11fca\kotlin-reflect-1.3.72.jar;D:\Android\.gradle\caches\modules-2\files-2.1\org.jetbrains.kotlin\kotlin-stdlib\1.3.72\8032138f12c0180bc4e51fe139d4c52b46db6109\kotlin-stdlib-1.3.72.jar;D:\Android\.gradle\caches\modules-2\files-2.1\org.jetbrains.kotlin\kotlin-script-runtime\1.3.72\657d8d34d91e1964b4439378c09933e840bfe8d5\kotlin-script-runtime-1.3.72.jar;D:\Android\.gradle\caches\modules-2\files-2.1\org.jetbrains.kotlin\kotlin-daemon-embeddable\1.3.72\53bbaa2816dbf6bdb85f629451b1fcc88f2164d2\kotlin-daemon-embeddable-1.3.72.jar;D:\Android\.gradle\caches\modules-2\files-2.1\org.jetbrains.intellij.deps\trove4j\1.0.20181211\216c2e14b070f334479d800987affe4054cd563f\trove4j-1.0.20181211.jar;D:\Android\.gradle\caches\modules-2\files-2.1\org.jetbrains.kotlin\kotlin-stdlib-common\1.3.72\6ca8bee3d88957eaaaef077c41c908c9940492d8\kotlin-stdlib-common-1.3.72.jar;D:\Android\.gradle\caches\modules-2\files-2.1\org.jetbrains\annotations\13.0\919f0dfe192fb4e063e7dacadee7f8bb9a2672a9\annotations-13.0.jar;D:\WIN10\Program Files\Android\Android Studio\jre\lib\tools.jar
Launcher Type: SUN_STANDARD

Environment Variables:
JAVA_HOME=D:\jdk15.0.1
CLASSPATH=.;D:\jdk15.0.1\lib\dt.jar;D:\jdk15.0.1\lib\tools.jar 
PATH=E:\vmware16\bin\;C:\Program Files (x86)\Common Files\Intel\Shared Libraries\redist\intel64_win\compiler;C:\Program Files (x86)\Common Files\Intel\Shared Libraries\redist\intel64\compiler;C:\Windows\system32;C:\Windows;C:\Windows\System32\Wbem;C:\Windows\System32\WindowsPowerShell\v1.0\;C:\Program Files (x86)\NVIDIA Corporation\PhysX\Common;C:\WINDOWS\system32;C:\WINDOWS;C:\WINDOWS\System32\Wbem;C:\WINDOWS\System32\WindowsPowerShell\v1.0\;C:\WINDOWS\System32\OpenSSH\;"C:\Program Files\MySQL\MySQL Server 5.7\bin\;";C:\Users\联想\AppData\Local\Programs\Python\Python37\Scripts;C;\Users\联想\AppData\Local\Programs\Python\Python37;E;\matlab\runtime\win64;C:\Program Files\NVIDIA Corporation\NVIDIA NvDLISR;C:\Program Files\TortoiseGit\bin;C:\Program Files\nodejs\node_global;C:\Program Files\nodejs;D:\apache-maven-3.6.3\bin;C:\Program Files\Git\cmd;D:\jdk15.0.1\bin;D:\jdk15.0.1\jre\bin;D:\Android\Sdk\platform-tools;D:\Android\Sdk\tools;C:\Program Files\MySQL\MySQL Shell 8.0\bin\;C:\Users\联想\AppData\Local\Microsoft\WindowsApps;C:\Users\联想\AppData\Local\Programs\Microsoft VS Code Insiders\bin;C:\Users\联想\AppData\Local\Programs\Microsoft VS Code\bin;C:\Users\联想\AppData\Roaming\npm;
USERNAME=联想
OS=Windows_NT
PROCESSOR_IDENTIFIER=Intel64 Family 6 Model 142 Stepping 10, GenuineIntel



---------------  S Y S T E M  ---------------

OS: Windows 10.0 , 64 bit Build 18362 (10.0.18362.1110)

CPU:total 8 (initial active 8) (4 cores per cpu, 2 threads per core) family 6 model 142 stepping 10, cmov, cx8, fxsr, mmx, sse, sse2, sse3, ssse3, sse4.1, sse4.2, popcnt, avx, avx2, aes, clmul, erms, 3dnowpref, lzcnt, ht, tsc, tscinvbit, bmi1, bmi2, adx

Memory: 4k page, physical 8263052k(1167088k free), swap 26249604k(1476k free)

vm_info: OpenJDK 64-Bit Server VM (25.242-b01) for windows-amd64 JRE (1.8.0_242-release-1644-b01), built by "builder" with MS VC++ 10.0 (VS2010)

time: Tue Dec 08 01:23:00 2020
timezone: 中国标准时间
elapsed time: 3 seconds (0d 0h 0m 3s)

