#
# There is insufficient memory for the Java Runtime Environment to continue.
# Native memory allocation (malloc) failed to allocate 191616 bytes for Chunk::new
# Possible reasons:
#   The system is out of physical RAM or swap space
#   The process is running with CompressedOops enabled, and the Java Heap may be blocking the growth of the native heap
# Possible solutions:
#   Reduce memory load on the system
#   Increase physical memory or swap space
#   Check if swap backing store is full
#   Decrease Java heap size (-Xmx/-Xms)
#   Decrease number of Java threads
#   Decrease Java thread stack sizes (-Xss)
#   Set larger code cache with -XX:ReservedCodeCacheSize=
#   JVM is running with Unscaled Compressed Oops mode in which the Java heap is
#     placed in the first 4GB address space. The Java Heap base address is the
#     maximum limit for the native heap growth. Please use -XX:HeapBaseMinAddress
#     to set the Java Heap base and to place the Java Heap above 4GB virtual address.
# This output file may be truncated or incomplete.
#
#  Out of Memory Error (allocation.cpp:389), pid=35520, tid=0x00000000000063c8
#
# JRE version: OpenJDK Runtime Environment (8.0_242-b01) (build 1.8.0_242-release-1644-b01)
# Java VM: OpenJDK 64-Bit Server VM (25.242-b01 mixed mode windows-amd64 compressed oops)
# Failed to write core dump. Minidumps are not enabled by default on client versions of Windows
#

---------------  T H R E A D  ---------------

Current thread (0x0000000019fa4000):  JavaThread "C2 CompilerThread0" daemon [_thread_in_native, id=25544, stack(0x000000001a710000,0x000000001a810000)]

Stack: [0x000000001a710000,0x000000001a810000]
[error occurred during error reporting (printing stack bounds), id 0xc0000005]

Native frames: (J=compiled Java code, j=interpreted, Vv=VM code, C=native code)


Current CompileTask:
C2:   6994 2318       4       java.util.HashSet::add (20 bytes)


---------------  P R O C E S S  ---------------

Java Threads: ( => current thread )
  0x000000001a045800 JavaThread "Service Thread" daemon [_thread_blocked, id=32192, stack(0x000000001ab10000,0x000000001ac10000)]
  0x0000000019fbb000 JavaThread "C1 CompilerThread3" daemon [_thread_blocked, id=4036, stack(0x000000001aa10000,0x000000001ab10000)]
  0x0000000019fb4000 JavaThread "C2 CompilerThread2" daemon [_thread_blocked, id=29820, stack(0x000000001a910000,0x000000001aa10000)]
  0x0000000019fa6000 JavaThread "C2 CompilerThread1" daemon [_thread_blocked, id=15908, stack(0x000000001a810000,0x000000001a910000)]
=>0x0000000019fa4000 JavaThread "C2 CompilerThread0" daemon [_thread_in_native, id=25544, stack(0x000000001a710000,0x000000001a810000)]
  0x0000000019fa2000 JavaThread "Attach Listener" daemon [_thread_blocked, id=36332, stack(0x000000001a610000,0x000000001a710000)]
  0x0000000019f4d800 JavaThread "Signal Dispatcher" daemon [_thread_blocked, id=19384, stack(0x000000001a510000,0x000000001a610000)]
  0x00000000031db000 JavaThread "Finalizer" daemon [_thread_blocked, id=13112, stack(0x000000001a410000,0x000000001a510000)]
  0x0000000019f30800 JavaThread "Reference Handler" daemon [_thread_blocked, id=19780, stack(0x000000001a310000,0x000000001a410000)]
  0x00000000030e5800 JavaThread "main" [_thread_in_Java, id=23248, stack(0x0000000002fe0000,0x00000000030e0000)]

Other Threads:
  0x0000000018146800 VMThread [stack: 0x0000000019e10000,0x0000000019f10000] [id=18100]
  0x0000000019fc8800 WatcherThread [stack: 0x000000001ac10000,0x000000001ad10000] [id=24476]

VM state:not at safepoint (normal execution)

VM Mutex/Monitor currently owned by a thread: None

heap address: 0x0000000081e00000, size: 2018 MB, Compressed Oops mode: 32-bit
Narrow klass base: 0x0000000000000000, Narrow klass shift: 3
Compressed class space size: 1073741824 Address: 0x0000000100000000

Heap:
 PSYoungGen      total 96256K, used 16367K [0x00000000d5f80000, 0x00000000deb80000, 0x0000000100000000)
  eden space 91136K, 12% used [0x00000000d5f80000,0x00000000d6a83230,0x00000000db880000)
  from space 5120K, 99% used [0x00000000de680000,0x00000000deb78c70,0x00000000deb80000)
  to   space 5120K, 0% used [0x00000000de180000,0x00000000de180000,0x00000000de680000)
 ParOldGen       total 74240K, used 25743K [0x0000000081e00000, 0x0000000086680000, 0x00000000d5f80000)
  object space 74240K, 34% used [0x0000000081e00000,0x0000000083723d80,0x0000000086680000)
 Metaspace       used 32100K, capacity 32635K, committed 32944K, reserved 1077248K
  class space    used 4071K, capacity 4217K, committed 4272K, reserved 1048576K

Card table byte_map: [0x00000000125a0000,0x00000000129a0000] byte_map_base: 0x0000000012191000

Marking Bits: (ParMarkBitMap*) 0x000000005159f030
 Begin Bits: [0x0000000013450000, 0x00000000153d8000)
 End Bits:   [0x00000000153d8000, 0x0000000017360000)

Polling page: 0x0000000000df0000

CodeCache: size=245760Kb used=7425Kb max_used=7425Kb free=238334Kb
 bounds [0x00000000031e0000, 0x0000000003930000, 0x00000000121e0000]
 total_blobs=2758 nmethods=2325 adapters=345
 compilation: enabled

Compilation events (10 events):
Event: 6.984 Thread 0x0000000019fbb000 2321       3       java.util.Objects::hashCode (13 bytes)
Event: 6.985 Thread 0x0000000019fbb000 nmethod 2321 0x000000000391db10 code [0x000000000391dc80, 0x000000000391dec8]
Event: 6.985 Thread 0x0000000019fbb000 2319       1       org.jetbrains.kotlin.container.SetterInfo::getParameters (5 bytes)
Event: 6.985 Thread 0x0000000019fbb000 nmethod 2319 0x000000000391d850 code [0x000000000391d9a0, 0x000000000391dab0]
Event: 6.985 Thread 0x0000000019fbb000 2323       1       org.jetbrains.kotlin.com.intellij.util.containers.hash.LinkedHashMap::removeEldestEntry (2 bytes)
Event: 6.985 Thread 0x0000000019fbb000 nmethod 2323 0x000000000391d590 code [0x000000000391d6e0, 0x000000000391d7f0]
Event: 6.985 Thread 0x0000000019fa6000 nmethod 2320 0x000000000391d210 code [0x000000000391d360, 0x000000000391d4d8]
Event: 6.987 Thread 0x0000000019fbb000 2325       3       org.jetbrains.kotlin.container.ResolveKt::bindArguments (155 bytes)
Event: 6.989 Thread 0x0000000019fbb000 nmethod 2325 0x0000000003924050 code [0x00000000039243c0, 0x0000000003926218]
Event: 6.989 Thread 0x0000000019fbb000 2326       3       org.jetbrains.kotlin.container.SingletonDescriptor::setState (12 bytes)

GC Heap History (10 events):
Event: 1.293 GC heap before
{Heap before GC invocations=1 (full 0):
 PSYoungGen      total 38400K, used 33280K [0x00000000d5f80000, 0x00000000d8a00000, 0x0000000100000000)
  eden space 33280K, 100% used [0x00000000d5f80000,0x00000000d8000000,0x00000000d8000000)
  from space 5120K, 0% used [0x00000000d8500000,0x00000000d8500000,0x00000000d8a00000)
  to   space 5120K, 0% used [0x00000000d8000000,0x00000000d8000000,0x00000000d8500000)
 ParOldGen       total 87552K, used 0K [0x0000000081e00000, 0x0000000087380000, 0x00000000d5f80000)
  object space 87552K, 0% used [0x0000000081e00000,0x0000000081e00000,0x0000000087380000)
 Metaspace       used 10140K, capacity 10300K, committed 10496K, reserved 1058816K
  class space    used 1106K, capacity 1180K, committed 1280K, reserved 1048576K
Event: 1.307 GC heap after
Heap after GC invocations=1 (full 0):
 PSYoungGen      total 38400K, used 5089K [0x00000000d5f80000, 0x00000000daa80000, 0x0000000100000000)
  eden space 33280K, 0% used [0x00000000d5f80000,0x00000000d5f80000,0x00000000d8000000)
  from space 5120K, 99% used [0x00000000d8000000,0x00000000d84f8470,0x00000000d8500000)
  to   space 5120K, 0% used [0x00000000da580000,0x00000000da580000,0x00000000daa80000)
 ParOldGen       total 87552K, used 2857K [0x0000000081e00000, 0x0000000087380000, 0x00000000d5f80000)
  object space 87552K, 3% used [0x0000000081e00000,0x00000000820ca660,0x0000000087380000)
 Metaspace       used 10140K, capacity 10300K, committed 10496K, reserved 1058816K
  class space    used 1106K, capacity 1180K, committed 1280K, reserved 1048576K
}
Event: 2.483 GC heap before
{Heap before GC invocations=2 (full 0):
 PSYoungGen      total 38400K, used 38369K [0x00000000d5f80000, 0x00000000daa80000, 0x0000000100000000)
  eden space 33280K, 100% used [0x00000000d5f80000,0x00000000d8000000,0x00000000d8000000)
  from space 5120K, 99% used [0x00000000d8000000,0x00000000d84f8470,0x00000000d8500000)
  to   space 5120K, 0% used [0x00000000da580000,0x00000000da580000,0x00000000daa80000)
 ParOldGen       total 87552K, used 2857K [0x0000000081e00000, 0x0000000087380000, 0x00000000d5f80000)
  object space 87552K, 3% used [0x0000000081e00000,0x00000000820ca660,0x0000000087380000)
 Metaspace       used 16011K, capacity 16362K, committed 16640K, reserved 1064960K
  class space    used 1860K, capacity 1947K, committed 2048K, reserved 1048576K
Event: 2.497 GC heap after
Heap after GC invocations=2 (full 0):
 PSYoungGen      total 71680K, used 5112K [0x00000000d5f80000, 0x00000000daa80000, 0x0000000100000000)
  eden space 66560K, 0% used [0x00000000d5f80000,0x00000000d5f80000,0x00000000da080000)
  from space 5120K, 99% used [0x00000000da580000,0x00000000daa7e030,0x00000000daa80000)
  to   space 5120K, 0% used [0x00000000da080000,0x00000000da080000,0x00000000da580000)
 ParOldGen       total 87552K, used 8048K [0x0000000081e00000, 0x0000000087380000, 0x00000000d5f80000)
  object space 87552K, 9% used [0x0000000081e00000,0x00000000825dc3b0,0x0000000087380000)
 Metaspace       used 16011K, capacity 16362K, committed 16640K, reserved 1064960K
  class space    used 1860K, capacity 1947K, committed 2048K, reserved 1048576K
}
Event: 3.126 GC heap before
{Heap before GC invocations=3 (full 0):
 PSYoungGen      total 71680K, used 24197K [0x00000000d5f80000, 0x00000000daa80000, 0x0000000100000000)
  eden space 66560K, 28% used [0x00000000d5f80000,0x00000000d72236b8,0x00000000da080000)
  from space 5120K, 99% used [0x00000000da580000,0x00000000daa7e030,0x00000000daa80000)
  to   space 5120K, 0% used [0x00000000da080000,0x00000000da080000,0x00000000da580000)
 ParOldGen       total 87552K, used 8048K [0x0000000081e00000, 0x0000000087380000, 0x00000000d5f80000)
  object space 87552K, 9% used [0x0000000081e00000,0x00000000825dc3b0,0x0000000087380000)
 Metaspace       used 20855K, capacity 21250K, committed 21296K, reserved 1069056K
  class space    used 2458K, capacity 2594K, committed 2608K, reserved 1048576K
Event: 3.138 GC heap after
Heap after GC invocations=3 (full 0):
 PSYoungGen      total 71680K, used 5116K [0x00000000d5f80000, 0x00000000deb80000, 0x0000000100000000)
  eden space 66560K, 0% used [0x00000000d5f80000,0x00000000d5f80000,0x00000000da080000)
  from space 5120K, 99% used [0x00000000da080000,0x00000000da57f040,0x00000000da580000)
  to   space 5120K, 0% used [0x00000000de680000,0x00000000de680000,0x00000000deb80000)
 ParOldGen       total 87552K, used 12318K [0x0000000081e00000, 0x0000000087380000, 0x00000000d5f80000)
  object space 87552K, 14% used [0x0000000081e00000,0x0000000082a07b28,0x0000000087380000)
 Metaspace       used 20855K, capacity 21250K, committed 21296K, reserved 1069056K
  class space    used 2458K, capacity 2594K, committed 2608K, reserved 1048576K
}
Event: 3.138 GC heap before
{Heap before GC invocations=4 (full 1):
 PSYoungGen      total 71680K, used 5116K [0x00000000d5f80000, 0x00000000deb80000, 0x0000000100000000)
  eden space 66560K, 0% used [0x00000000d5f80000,0x00000000d5f80000,0x00000000da080000)
  from space 5120K, 99% used [0x00000000da080000,0x00000000da57f040,0x00000000da580000)
  to   space 5120K, 0% used [0x00000000de680000,0x00000000de680000,0x00000000deb80000)
 ParOldGen       total 87552K, used 12318K [0x0000000081e00000, 0x0000000087380000, 0x00000000d5f80000)
  object space 87552K, 14% used [0x0000000081e00000,0x0000000082a07b28,0x0000000087380000)
 Metaspace       used 20855K, capacity 21250K, committed 21296K, reserved 1069056K
  class space    used 2458K, capacity 2594K, committed 2608K, reserved 1048576K
Event: 3.208 GC heap after
Heap after GC invocations=4 (full 1):
 PSYoungGen      total 71680K, used 0K [0x00000000d5f80000, 0x00000000deb80000, 0x0000000100000000)
  eden space 66560K, 0% used [0x00000000d5f80000,0x00000000d5f80000,0x00000000da080000)
  from space 5120K, 0% used [0x00000000da080000,0x00000000da080000,0x00000000da580000)
  to   space 5120K, 0% used [0x00000000de680000,0x00000000de680000,0x00000000deb80000)
 ParOldGen       total 74240K, used 14146K [0x0000000081e00000, 0x0000000086680000, 0x00000000d5f80000)
  object space 74240K, 19% used [0x0000000081e00000,0x0000000082bd08a8,0x0000000086680000)
 Metaspace       used 20855K, capacity 21250K, committed 21296K, reserved 1069056K
  class space    used 2458K, capacity 2594K, committed 2608K, reserved 1048576K
}
Event: 6.481 GC heap before
{Heap before GC invocations=5 (full 1):
 PSYoungGen      total 71680K, used 66560K [0x00000000d5f80000, 0x00000000deb80000, 0x0000000100000000)
  eden space 66560K, 100% used [0x00000000d5f80000,0x00000000da080000,0x00000000da080000)
  from space 5120K, 0% used [0x00000000da080000,0x00000000da080000,0x00000000da580000)
  to   space 5120K, 0% used [0x00000000de680000,0x00000000de680000,0x00000000deb80000)
 ParOldGen       total 74240K, used 14146K [0x0000000081e00000, 0x0000000086680000, 0x00000000d5f80000)
  object space 74240K, 19% used [0x0000000081e00000,0x0000000082bd08a8,0x0000000086680000)
 Metaspace       used 30334K, capacity 30895K, committed 31152K, reserved 1077248K
  class space    used 3751K, capacity 3895K, committed 4016K, reserved 1048576K
Event: 6.516 GC heap after
Heap after GC invocations=5 (full 1):
 PSYoungGen      total 96256K, used 5091K [0x00000000d5f80000, 0x00000000deb80000, 0x0000000100000000)
  eden space 91136K, 0% used [0x00000000d5f80000,0x00000000d5f80000,0x00000000db880000)
  from space 5120K, 99% used [0x00000000de680000,0x00000000deb78c70,0x00000000deb80000)
  to   space 5120K, 0% used [0x00000000de180000,0x00000000de180000,0x00000000de680000)
 ParOldGen       total 74240K, used 25743K [0x0000000081e00000, 0x0000000086680000, 0x00000000d5f80000)
  object space 74240K, 34% used [0x0000000081e00000,0x0000000083723d80,0x0000000086680000)
 Metaspace       used 30334K, capacity 30895K, committed 31152K, reserved 1077248K
  class space    used 3751K, capacity 3895K, committed 4016K, reserved 1048576K
}

Deoptimization events (10 events):
Event: 5.004 Thread 0x00000000030e5800 Uncommon trap: reason=bimorphic action=maybe_recompile pc=0x000000000370ebe4 method=java.util.AbstractList$Itr.hasNext()Z @ 8
Event: 5.004 Thread 0x00000000030e5800 Uncommon trap: reason=bimorphic action=maybe_recompile pc=0x000000000370efe4 method=java.util.AbstractList$Itr.next()Ljava/lang/Object; @ 14
Event: 5.004 Thread 0x00000000030e5800 Uncommon trap: reason=bimorphic action=maybe_recompile pc=0x000000000370efe4 method=java.util.AbstractList$Itr.next()Ljava/lang/Object; @ 14
Event: 5.004 Thread 0x00000000030e5800 Uncommon trap: reason=bimorphic action=maybe_recompile pc=0x000000000370efe4 method=java.util.AbstractList$Itr.next()Ljava/lang/Object; @ 14
Event: 5.010 Thread 0x00000000030e5800 Uncommon trap: reason=class_check action=maybe_recompile pc=0x00000000037a5b34 method=org.jetbrains.kotlin.protobuf.CodedInputStream.tryRefillBuffer(I)Z @ 177
Event: 5.011 Thread 0x00000000030e5800 Uncommon trap: reason=class_check action=maybe_recompile pc=0x00000000037a5b34 method=org.jetbrains.kotlin.protobuf.CodedInputStream.tryRefillBuffer(I)Z @ 177
Event: 5.023 Thread 0x00000000030e5800 Uncommon trap: reason=bimorphic action=maybe_recompile pc=0x00000000037341b4 method=gnu.trove.TObjectHash.index(Ljava/lang/Object;)I @ 126
Event: 5.023 Thread 0x00000000030e5800 Uncommon trap: reason=bimorphic action=maybe_recompile pc=0x00000000037341b4 method=gnu.trove.TObjectHash.index(Ljava/lang/Object;)I @ 126
Event: 5.610 Thread 0x00000000030e5800 Uncommon trap: reason=range_check action=make_not_entrant pc=0x00000000035b34e0 method=sun.reflect.generics.parser.SignatureParser.current()C @ 34
Event: 5.782 Thread 0x00000000030e5800 Uncommon trap: reason=unstable_if action=reinterpret pc=0x0000000003830b38 method=java.lang.reflect.Method.equals(Ljava/lang/Object;)Z @ 49

Classes redefined (0 events):
No events

Internal exceptions (10 events):
Event: 0.719 Thread 0x00000000030e5800 Exception <a 'java/security/PrivilegedActionException'> (0x00000000d6e5ef50) thrown at [C:\src\AOSP-openjdk-git\hotspot\src\share\vm\prims\jvm.cpp, line 1502]
Event: 1.151 Thread 0x00000000030e5800 Exception <a 'java/lang/ArrayIndexOutOfBoundsException'> (0x00000000d7b72688) thrown at [C:\src\AOSP-openjdk-git\hotspot\src\share\vm\runtime\sharedRuntime.cpp, line 605]
Event: 1.512 Thread 0x00000000030e5800 Exception <a 'java/lang/ArrayIndexOutOfBoundsException'> (0x00000000d64bf3d0) thrown at [C:\src\AOSP-openjdk-git\hotspot\src\share\vm\runtime\sharedRuntime.cpp, line 605]
Event: 2.530 Thread 0x00000000030e5800 Exception <a 'java/lang/NoSuchMethodError': java.lang.Object.lambda$comparing$77a9974f$1(Ljava/util/function/Function;Ljava/lang/Object;Ljava/lang/Object;)I> (0x00000000d6078290) thrown at [C:\src\AOSP-openjdk-git\hotspot\src\share\vm\interpreter\linkReso
Event: 2.563 Thread 0x00000000030e5800 Exception <a 'java/lang/NoSuchMethodError': java.lang.Object.lambda$static$0()J> (0x00000000d617a458) thrown at [C:\src\AOSP-openjdk-git\hotspot\src\share\vm\interpreter\linkResolver.cpp, line 620]
Event: 2.850 Thread 0x00000000030e5800 Exception <a 'java/lang/NoSuchMethodError': java.lang.Object.lambda$static$0(I)[Lorg/jetbrains/kotlin/com/intellij/openapi/editor/event/DocumentListener;> (0x00000000d68c9710) thrown at [C:\src\AOSP-openjdk-git\hotspot\src\share\vm\interpreter\linkResolve
Event: 2.913 Thread 0x00000000030e5800 Exception <a 'java/lang/NoSuchMethodError': java.lang.Object.lambda$static$0(I)[Lorg/jetbrains/kotlin/com/intellij/psi/PsiAnnotation;> (0x00000000d6ae3fe8) thrown at [C:\src\AOSP-openjdk-git\hotspot\src\share\vm\interpreter\linkResolver.cpp, line 620]
Event: 3.111 Thread 0x00000000030e5800 Exception <a 'java/lang/NoSuchMethodError': java.lang.Object.lambda$static$0(I)[Lorg/jetbrains/kotlin/com/intellij/psi/PsiElement;> (0x00000000d7096030) thrown at [C:\src\AOSP-openjdk-git\hotspot\src\share\vm\interpreter\linkResolver.cpp, line 620]
Event: 5.610 Thread 0x00000000030e5800 Exception <a 'java/lang/ArrayIndexOutOfBoundsException': 126> (0x00000000d8c36970) thrown at [C:\src\AOSP-openjdk-git\hotspot\src\share\vm\interpreter\interpreterRuntime.cpp, line 368]
Event: 5.625 Thread 0x00000000030e5800 Exception <a 'java/lang/ArrayIndexOutOfBoundsException': 86> (0x00000000d8c37df8) thrown at [C:\src\AOSP-openjdk-git\hotspot\src\share\vm\interpreter\interpreterRuntime.cpp, line 368]

Events (10 events):
Event: 6.973 loading class org/jetbrains/kotlin/resolve/calls/results/FlatSignatureForResolvedCallKt$createOverloadingConflictResolver$3
Event: 6.973 loading class org/jetbrains/kotlin/resolve/calls/results/FlatSignatureForResolvedCallKt$createOverloadingConflictResolver$3 done
Event: 6.973 loading class org/jetbrains/kotlin/resolve/calls/results/FlatSignatureForResolvedCallKt$createOverloadingConflictResolver$4
Event: 6.973 loading class org/jetbrains/kotlin/resolve/calls/results/FlatSignatureForResolvedCallKt$createOverloadingConflictResolver$4 done
Event: 6.974 loading class org/jetbrains/kotlin/resolve/calls/results/FlatSignatureForResolvedCallKt$createOverloadingConflictResolver$5
Event: 6.974 loading class org/jetbrains/kotlin/resolve/calls/results/FlatSignatureForResolvedCallKt$createOverloadingConflictResolver$5 done
Event: 6.975 loading class org/jetbrains/kotlin/resolve/CodeAnalyzerInitializer$Companion
Event: 6.975 loading class org/jetbrains/kotlin/resolve/CodeAnalyzerInitializer$Companion done
Event: 6.976 loading class org/jetbrains/kotlin/context/MutableModuleContext$DefaultImpls
Event: 6.976 loading class org/jetbrains/kotlin/context/MutableModuleContext$DefaultImpls done


Dynamic libraries:
0x00007ff7b6dc0000 - 0x00007ff7b6df1000 	D:\WIN10\Program Files\Android\Android Studio\jre\jre\bin\java.exe
0x00007ffa8d220000 - 0x00007ffa8d410000 	C:\WINDOWS\SYSTEM32\ntdll.dll
0x00007ffa8b780000 - 0x00007ffa8b832000 	C:\WINDOWS\System32\KERNEL32.DLL
0x00007ffa8a4a0000 - 0x00007ffa8a745000 	C:\WINDOWS\System32\KERNELBASE.dll
0x00007ffa8cde0000 - 0x00007ffa8ce83000 	C:\WINDOWS\System32\ADVAPI32.dll
0x00007ffa8c5f0000 - 0x00007ffa8c68e000 	C:\WINDOWS\System32\msvcrt.dll
0x00007ffa8b670000 - 0x00007ffa8b707000 	C:\WINDOWS\System32\sechost.dll
0x00007ffa8ce90000 - 0x00007ffa8cfb0000 	C:\WINDOWS\System32\RPCRT4.dll
0x00007ffa8cc40000 - 0x00007ffa8cdd4000 	C:\WINDOWS\System32\USER32.dll
0x00007ffa8a1a0000 - 0x00007ffa8a1c1000 	C:\WINDOWS\System32\win32u.dll
0x00007ffa8c790000 - 0x00007ffa8c7b6000 	C:\WINDOWS\System32\GDI32.dll
0x00007ffa8a750000 - 0x00007ffa8a8e6000 	C:\WINDOWS\System32\gdi32full.dll
0x00007ffa8b230000 - 0x00007ffa8b2ce000 	C:\WINDOWS\System32\msvcp_win.dll
0x00007ffa8b080000 - 0x00007ffa8b17a000 	C:\WINDOWS\System32\ucrtbase.dll
0x00007ffa77d70000 - 0x00007ffa77ff4000 	C:\WINDOWS\WinSxS\amd64_microsoft.windows.common-controls_6595b64144ccf1df_6.0.18362.1198_none_9e820b57e45ad92f\COMCTL32.dll
0x00007ffa8b2d0000 - 0x00007ffa8b605000 	C:\WINDOWS\System32\combase.dll
0x00007ffa8a220000 - 0x00007ffa8a2a0000 	C:\WINDOWS\System32\bcryptPrimitives.dll
0x00007ffa8d0f0000 - 0x00007ffa8d11e000 	C:\WINDOWS\System32\IMM32.DLL
0x00000000527d0000 - 0x00000000528a2000 	D:\WIN10\Program Files\Android\Android Studio\jre\jre\bin\msvcr100.dll
0x0000000050dd0000 - 0x000000005161b000 	D:\WIN10\Program Files\Android\Android Studio\jre\jre\bin\server\jvm.dll
0x00007ffa8cc30000 - 0x00007ffa8cc38000 	C:\WINDOWS\System32\PSAPI.DLL
0x00007ffa89cb0000 - 0x00007ffa89cba000 	C:\WINDOWS\SYSTEM32\VERSION.dll
0x00007ffa868e0000 - 0x00007ffa86904000 	C:\WINDOWS\SYSTEM32\WINMM.dll
0x00007ffa75640000 - 0x00007ffa75649000 	C:\WINDOWS\SYSTEM32\WSOCK32.dll
0x00007ffa8c2f0000 - 0x00007ffa8c35f000 	C:\WINDOWS\System32\WS2_32.dll
0x00007ffa868b0000 - 0x00007ffa868dd000 	C:\WINDOWS\SYSTEM32\winmmbase.dll
0x00007ffa8b180000 - 0x00007ffa8b1ca000 	C:\WINDOWS\System32\cfgmgr32.dll
0x00007ffa864a0000 - 0x00007ffa864af000 	D:\WIN10\Program Files\Android\Android Studio\jre\jre\bin\verify.dll
0x00007ffa7d7c0000 - 0x00007ffa7d7e9000 	D:\WIN10\Program Files\Android\Android Studio\jre\jre\bin\java.dll
0x00007ffa7d0d0000 - 0x00007ffa7d0e6000 	D:\WIN10\Program Files\Android\Android Studio\jre\jre\bin\zip.dll
0x00007ffa8b840000 - 0x00007ffa8bf27000 	C:\WINDOWS\System32\SHELL32.dll
0x00007ffa8c080000 - 0x00007ffa8c129000 	C:\WINDOWS\System32\shcore.dll
0x00007ffa8a8f0000 - 0x00007ffa8b071000 	C:\WINDOWS\System32\windows.storage.dll
0x00007ffa8a100000 - 0x00007ffa8a123000 	C:\WINDOWS\System32\profapi.dll
0x00007ffa8a130000 - 0x00007ffa8a17a000 	C:\WINDOWS\System32\powrprof.dll
0x00007ffa8a0d0000 - 0x00007ffa8a0e0000 	C:\WINDOWS\System32\UMPDC.dll
0x00007ffa8d120000 - 0x00007ffa8d172000 	C:\WINDOWS\System32\shlwapi.dll
0x00007ffa8a0e0000 - 0x00007ffa8a0f1000 	C:\WINDOWS\System32\kernel.appcore.dll
0x00007ffa8a200000 - 0x00007ffa8a217000 	C:\WINDOWS\System32\cryptsp.dll
0x00007ffa76e80000 - 0x00007ffa76e9a000 	D:\WIN10\Program Files\Android\Android Studio\jre\jre\bin\net.dll
0x00007ffa898b0000 - 0x00007ffa89917000 	C:\WINDOWS\system32\mswsock.dll
0x00007ffa678b0000 - 0x00007ffa678c3000 	D:\WIN10\Program Files\Android\Android Studio\jre\jre\bin\nio.dll

VM Arguments:
java_command: org.jetbrains.kotlin.cli.jvm.K2JVMCompiler -Xallow-no-source-files -classpath E:\androidProject\NewsApp\app\build\intermediates\compile_and_runtime_not_namespaced_r_class_jar\debug\R.jar;D:\Android\.gradle\caches\transforms-2\files-2.1\aca51cbcfd31cc8202f9ef892f9c7147\jetified-core-ktx-1.3.2-api.jar;D:\Android\.gradle\caches\transforms-2\files-2.1\3d6077e92a1e603a8c40332e9b15b91e\jetified-kotlin-android-extensions-runtime-1.3.72.jar;D:\Android\.gradle\caches\transforms-2\files-2.1\4ed8813dec9631a116b534b70dadf4e2\jetified-kotlin-stdlib-1.3.72.jar;D:\Android\.gradle\caches\transforms-2\files-2.1\8eb38228835690c49fe8f71143bc8ed0\jetified-kotlin-stdlib-common-1.3.72.jar;D:\Android\.gradle\caches\transforms-2\files-2.1\db84eb96dcb41b8023dfc5a17e7a034b\jetified-annotations-13.0.jar;D:\Android\.gradle\caches\transforms-2\files-2.1\9f81f509b085665d9ff44ab528ac1ca0\material-1.2.1-api.jar;D:\Android\.gradle\caches\transforms-2\files-2.1\8fe2bed2f113d7c2699cb2a04ad9a379\constraintlayout-2.0.4-api.jar;D:\Android\.gradle\caches\transforms-2\files-2.1\93778d03209b703b2835651278c910a2\appcompat-1.2.0-api.jar;D:\Android\.gradle\caches\transforms-2\files-2.1\3f2e8a133ef34e39369b2d67ce99cd1a\jetified-viewpager2-1.0.0-api.jar;D:\Android\.gradle\caches\transforms-2\files-2.1\c2f517fbc601ef2609a9f70a32732044\recyclerview-1.1.0-api.jar;D:\Android\.gradle\caches\transforms-2\files-2.1\7d1133262a8486552f8acc761ea93c37\fragment-1.1.0-api.jar;D:\Android\.gradle\caches\transforms-2\files-2.1\7c7245778409a672f74c0187bbc59faf\jetified-appcompat-resources-1.2.0-api.jar;D:\Android\.gradle\caches\transforms-2\files-2.1\670dabcb09c043da64eaad9bdc440b3d\drawerlayout-1.0.0-api.jar;D:\Android\.gradle\caches\transforms-2\files-2.1\b373091efafd655c162635c4a38399b1\coordinatorlayout-1.1.0-api.jar;D:\Android\.gradle\caches\transforms-2\files-2.1\4431c3e0904a4801e5ee42cea611dd3b\transition-1.2.0-api.jar;D:\Android\.gradle\caches\transforms-2\files-2.1\4869191592deee6fee144c19786b8aac\vecto
java_class_path (initial): D:\Android\.gradle\caches\modules-2\files-2.1\org.jetbrains.kotlin\kotlin-compiler-embeddable\1.3.72\fb72232c8fa977d5e07d33c43381ddbdc5edab6\kotlin-compiler-embeddable-1.3.72.jar;D:\Android\.gradle\caches\modules-2\files-2.1\org.jetbrains.kotlin\kotlin-reflect\1.3.72\86613e1a669a701b0c660bfd2af4f82a7ae11fca\kotlin-reflect-1.3.72.jar;D:\Android\.gradle\caches\modules-2\files-2.1\org.jetbrains.kotlin\kotlin-stdlib\1.3.72\8032138f12c0180bc4e51fe139d4c52b46db6109\kotlin-stdlib-1.3.72.jar;D:\Android\.gradle\caches\modules-2\files-2.1\org.jetbrains.kotlin\kotlin-script-runtime\1.3.72\657d8d34d91e1964b4439378c09933e840bfe8d5\kotlin-script-runtime-1.3.72.jar;D:\Android\.gradle\caches\modules-2\files-2.1\org.jetbrains.kotlin\kotlin-daemon-embeddable\1.3.72\53bbaa2816dbf6bdb85f629451b1fcc88f2164d2\kotlin-daemon-embeddable-1.3.72.jar;D:\Android\.gradle\caches\modules-2\files-2.1\org.jetbrains.intellij.deps\trove4j\1.0.20181211\216c2e14b070f334479d800987affe4054cd563f\trove4j-1.0.20181211.jar;D:\Android\.gradle\caches\modules-2\files-2.1\org.jetbrains.kotlin\kotlin-stdlib-common\1.3.72\6ca8bee3d88957eaaaef077c41c908c9940492d8\kotlin-stdlib-common-1.3.72.jar;D:\Android\.gradle\caches\modules-2\files-2.1\org.jetbrains\annotations\13.0\919f0dfe192fb4e063e7dacadee7f8bb9a2672a9\annotations-13.0.jar;D:\WIN10\Program Files\Android\Android Studio\jre\lib\tools.jar
Launcher Type: SUN_STANDARD

Environment Variables:
JAVA_HOME=D:\jdk15.0.1
CLASSPATH=.;D:\jdk15.0.1\lib\dt.jar;D:\jdk15.0.1\lib\tools.jar 
PATH=E:\vmware16\bin\;C:\Program Files (x86)\Common Files\Intel\Shared Libraries\redist\intel64_win\compiler;C:\Program Files (x86)\Common Files\Intel\Shared Libraries\redist\intel64\compiler;C:\Windows\system32;C:\Windows;C:\Windows\System32\Wbem;C:\Windows\System32\WindowsPowerShell\v1.0\;C:\Program Files (x86)\NVIDIA Corporation\PhysX\Common;C:\WINDOWS\system32;C:\WINDOWS;C:\WINDOWS\System32\Wbem;C:\WINDOWS\System32\WindowsPowerShell\v1.0\;C:\WINDOWS\System32\OpenSSH\;"C:\Program Files\MySQL\MySQL Server 5.7\bin\;";C:\Users\联想\AppData\Local\Programs\Python\Python37\Scripts;C;\Users\联想\AppData\Local\Programs\Python\Python37;E;\matlab\runtime\win64;C:\Program Files\NVIDIA Corporation\NVIDIA NvDLISR;C:\Program Files\TortoiseGit\bin;C:\Program Files\nodejs\node_global;C:\Program Files\nodejs;D:\apache-maven-3.6.3\bin;C:\Program Files\Git\cmd;D:\jdk15.0.1\bin;D:\jdk15.0.1\jre\bin;D:\Android\Sdk\platform-tools;D:\Android\Sdk\tools;C:\Program Files\MySQL\MySQL Shell 8.0\bin\;C:\Users\联想\AppData\Local\Microsoft\WindowsApps;C:\Users\联想\AppData\Local\Programs\Microsoft VS Code Insiders\bin;C:\Users\联想\AppData\Local\Programs\Microsoft VS Code\bin;C:\Users\联想\AppData\Roaming\npm;
USERNAME=联想
OS=Windows_NT
PROCESSOR_IDENTIFIER=Intel64 Family 6 Model 142 Stepping 10, GenuineIntel



---------------  S Y S T E M  ---------------

OS: Windows 10.0 , 64 bit Build 18362 (10.0.18362.1110)

CPU:total 8 (initial active 8) (4 cores per cpu, 2 threads per core) family 6 model 142 stepping 10, cmov, cx8, fxsr, mmx, sse, sse2, sse3, ssse3, sse4.1, sse4.2, popcnt, avx, avx2, aes, clmul, erms, 3dnowpref, lzcnt, ht, tsc, tscinvbit, bmi1, bmi2, adx

Memory: 4k page, physical 8263052k(413668k free), swap 26249604k(300k free)

vm_info: OpenJDK 64-Bit Server VM (25.242-b01) for windows-amd64 JRE (1.8.0_242-release-1644-b01), built by "builder" with MS VC++ 10.0 (VS2010)

time: Tue Dec 08 18:17:22 2020
timezone: 中国标准时间
elapsed time: 7 seconds (0d 0h 0m 7s)

