#
# There is insufficient memory for the Java Runtime Environment to continue.
# Native memory allocation (malloc) failed to allocate 163936 bytes for Chunk::new
# Possible reasons:
#   The system is out of physical RAM or swap space
#   The process is running with CompressedOops enabled, and the Java Heap may be blocking the growth of the native heap
# Possible solutions:
#   Reduce memory load on the system
#   Increase physical memory or swap space
#   Check if swap backing store is full
#   Decrease Java heap size (-Xmx/-Xms)
#   Decrease number of Java threads
#   Decrease Java thread stack sizes (-Xss)
#   Set larger code cache with -XX:ReservedCodeCacheSize=
#   JVM is running with Unscaled Compressed Oops mode in which the Java heap is
#     placed in the first 4GB address space. The Java Heap base address is the
#     maximum limit for the native heap growth. Please use -XX:HeapBaseMinAddress
#     to set the Java Heap base and to place the Java Heap above 4GB virtual address.
# This output file may be truncated or incomplete.
#
#  Out of Memory Error (allocation.cpp:389), pid=35848, tid=0x00000000000068ec
#
# JRE version: OpenJDK Runtime Environment (8.0_242-b01) (build 1.8.0_242-release-1644-b01)
# Java VM: OpenJDK 64-Bit Server VM (25.242-b01 mixed mode windows-amd64 compressed oops)
# Failed to write core dump. Minidumps are not enabled by default on client versions of Windows
#

---------------  T H R E A D  ---------------

Current thread (0x0000000019f35800):  JavaThread "C2 CompilerThread1" daemon [_thread_in_native, id=26860, stack(0x000000001a7e0000,0x000000001a8e0000)]

Stack: [0x000000001a7e0000,0x000000001a8e0000]
[error occurred during error reporting (printing stack bounds), id 0xc0000005]

Native frames: (J=compiled Java code, j=interpreted, Vv=VM code, C=native code)


Current CompileTask:
C2:  11509 2640       4       sun.nio.cs.UTF_8$Decoder::decode (779 bytes)


---------------  P R O C E S S  ---------------

Java Threads: ( => current thread )
  0x0000000019fd2800 JavaThread "Service Thread" daemon [_thread_blocked, id=33892, stack(0x000000001aae0000,0x000000001abe0000)]
  0x0000000019f4a800 JavaThread "C1 CompilerThread3" daemon [_thread_in_native, id=15064, stack(0x000000001a9e0000,0x000000001aae0000)]
  0x0000000019f43000 JavaThread "C2 CompilerThread2" daemon [_thread_blocked, id=30636, stack(0x000000001a8e0000,0x000000001a9e0000)]
=>0x0000000019f35800 JavaThread "C2 CompilerThread1" daemon [_thread_in_native, id=26860, stack(0x000000001a7e0000,0x000000001a8e0000)]
  0x0000000019f34000 JavaThread "C2 CompilerThread0" daemon [_thread_blocked, id=32664, stack(0x000000001a6e0000,0x000000001a7e0000)]
  0x0000000019f31800 JavaThread "Attach Listener" daemon [_thread_blocked, id=28952, stack(0x000000001a5e0000,0x000000001a6e0000)]
  0x0000000019edc800 JavaThread "Signal Dispatcher" daemon [_thread_blocked, id=22944, stack(0x000000001a4e0000,0x000000001a5e0000)]
  0x000000000314b000 JavaThread "Finalizer" daemon [_thread_blocked, id=25380, stack(0x000000001a3a0000,0x000000001a4a0000)]
  0x0000000019ec0800 JavaThread "Reference Handler" daemon [_thread_blocked, id=13268, stack(0x000000001a2a0000,0x000000001a3a0000)]
  0x0000000003055800 JavaThread "main" [_thread_in_native, id=9112, stack(0x0000000002f50000,0x0000000003050000)]

Other Threads:
  0x00000000180b6800 VMThread [stack: 0x0000000019da0000,0x0000000019ea0000] [id=28780]
  0x0000000019fd3800 WatcherThread [stack: 0x000000001abe0000,0x000000001ace0000] [id=32784]

VM state:not at safepoint (normal execution)

VM Mutex/Monitor currently owned by a thread: None

heap address: 0x0000000081e00000, size: 2018 MB, Compressed Oops mode: 32-bit
Narrow klass base: 0x0000000000000000, Narrow klass shift: 3
Compressed class space size: 1073741824 Address: 0x0000000100000000

Heap:
 PSYoungGen      total 119296K, used 9547K [0x00000000d5f80000, 0x00000000def00000, 0x0000000100000000)
  eden space 114176K, 8% used [0x00000000d5f80000,0x00000000d68d2ee8,0x00000000dcf00000)
  from space 5120K, 0% used [0x00000000de180000,0x00000000de180000,0x00000000de680000)
  to   space 8704K, 0% used [0x00000000de680000,0x00000000de680000,0x00000000def00000)
 ParOldGen       total 125952K, used 17935K [0x0000000081e00000, 0x0000000089900000, 0x00000000d5f80000)
  object space 125952K, 14% used [0x0000000081e00000,0x0000000082f83c48,0x0000000089900000)
 Metaspace       used 36175K, capacity 36762K, committed 37032K, reserved 1081344K
  class space    used 4630K, capacity 4788K, committed 4912K, reserved 1048576K

Card table byte_map: [0x0000000012510000,0x0000000012910000] byte_map_base: 0x0000000012101000

Marking Bits: (ParMarkBitMap*) 0x000000005159f030
 Begin Bits: [0x00000000133c0000, 0x0000000015348000)
 End Bits:   [0x0000000015348000, 0x00000000172d0000)

Polling page: 0x0000000001550000

CodeCache: size=245760Kb used=8168Kb max_used=8168Kb free=237591Kb
 bounds [0x0000000003150000, 0x0000000003960000, 0x0000000012150000]
 total_blobs=3066 nmethods=2622 adapters=356
 compilation: enabled

Compilation events (10 events):
Event: 11.422 Thread 0x0000000019f4a800 nmethod 2635 0x000000000394bb90 code [0x000000000394bd40, 0x000000000394c218]
Event: 11.434 Thread 0x0000000019f4a800 2636       3       org.jetbrains.org.objectweb.asm.ClassReader::readInt (52 bytes)
Event: 11.434 Thread 0x0000000019f4a800 nmethod 2636 0x000000000394b6d0 code [0x000000000394b840, 0x000000000394ba50]
Event: 11.442 Thread 0x0000000019f4a800 2637       3       org.jetbrains.org.objectweb.asm.ClassReader::readUtf (161 bytes)
Event: 11.442 Thread 0x0000000019f4a800 nmethod 2637 0x000000000394acd0 code [0x000000000394ae60, 0x000000000394b2e8]
Event: 11.443 Thread 0x0000000019f4a800 2638       3       org.jetbrains.org.objectweb.asm.ClassReader::readUtf (44 bytes)
Event: 11.443 Thread 0x0000000019f4a800 nmethod 2638 0x000000000394a390 code [0x000000000394a520, 0x000000000394a988]
Event: 11.443 Thread 0x0000000019f4a800 2639       3       org.jetbrains.org.objectweb.asm.ClassReader::readUTF8 (23 bytes)
Event: 11.444 Thread 0x0000000019f4a800 nmethod 2639 0x0000000003949d10 code [0x0000000003949e80, 0x000000000394a1e8]
Event: 11.499 Thread 0x0000000019f35800 2640       4       sun.nio.cs.UTF_8$Decoder::decode (779 bytes)

GC Heap History (10 events):
Event: 3.496 GC heap before
{Heap before GC invocations=3 (full 0):
 PSYoungGen      total 71680K, used 24198K [0x00000000d5f80000, 0x00000000daa80000, 0x0000000100000000)
  eden space 66560K, 28% used [0x00000000d5f80000,0x00000000d72239d8,0x00000000da080000)
  from space 5120K, 99% used [0x00000000da580000,0x00000000daa7e030,0x00000000daa80000)
  to   space 5120K, 0% used [0x00000000da080000,0x00000000da080000,0x00000000da580000)
 ParOldGen       total 87552K, used 8075K [0x0000000081e00000, 0x0000000087380000, 0x00000000d5f80000)
  object space 87552K, 9% used [0x0000000081e00000,0x00000000825e2de0,0x0000000087380000)
 Metaspace       used 20893K, capacity 21254K, committed 21296K, reserved 1069056K
  class space    used 2458K, capacity 2594K, committed 2608K, reserved 1048576K
Event: 3.513 GC heap after
Heap after GC invocations=3 (full 0):
 PSYoungGen      total 71680K, used 5096K [0x00000000d5f80000, 0x00000000deb80000, 0x0000000100000000)
  eden space 66560K, 0% used [0x00000000d5f80000,0x00000000d5f80000,0x00000000da080000)
  from space 5120K, 99% used [0x00000000da080000,0x00000000da57a030,0x00000000da580000)
  to   space 5120K, 0% used [0x00000000de680000,0x00000000de680000,0x00000000deb80000)
 ParOldGen       total 87552K, used 12360K [0x0000000081e00000, 0x0000000087380000, 0x00000000d5f80000)
  object space 87552K, 14% used [0x0000000081e00000,0x0000000082a122e8,0x0000000087380000)
 Metaspace       used 20893K, capacity 21254K, committed 21296K, reserved 1069056K
  class space    used 2458K, capacity 2594K, committed 2608K, reserved 1048576K
}
Event: 3.513 GC heap before
{Heap before GC invocations=4 (full 1):
 PSYoungGen      total 71680K, used 5096K [0x00000000d5f80000, 0x00000000deb80000, 0x0000000100000000)
  eden space 66560K, 0% used [0x00000000d5f80000,0x00000000d5f80000,0x00000000da080000)
  from space 5120K, 99% used [0x00000000da080000,0x00000000da57a030,0x00000000da580000)
  to   space 5120K, 0% used [0x00000000de680000,0x00000000de680000,0x00000000deb80000)
 ParOldGen       total 87552K, used 12360K [0x0000000081e00000, 0x0000000087380000, 0x00000000d5f80000)
  object space 87552K, 14% used [0x0000000081e00000,0x0000000082a122e8,0x0000000087380000)
 Metaspace       used 20893K, capacity 21254K, committed 21296K, reserved 1069056K
  class space    used 2458K, capacity 2594K, committed 2608K, reserved 1048576K
Event: 3.618 GC heap after
Heap after GC invocations=4 (full 1):
 PSYoungGen      total 71680K, used 0K [0x00000000d5f80000, 0x00000000deb80000, 0x0000000100000000)
  eden space 66560K, 0% used [0x00000000d5f80000,0x00000000d5f80000,0x00000000da080000)
  from space 5120K, 0% used [0x00000000da080000,0x00000000da080000,0x00000000da580000)
  to   space 5120K, 0% used [0x00000000de680000,0x00000000de680000,0x00000000deb80000)
 ParOldGen       total 76288K, used 14145K [0x0000000081e00000, 0x0000000086880000, 0x00000000d5f80000)
  object space 76288K, 18% used [0x0000000081e00000,0x0000000082bd0720,0x0000000086880000)
 Metaspace       used 20893K, capacity 21254K, committed 21296K, reserved 1069056K
  class space    used 2458K, capacity 2594K, committed 2608K, reserved 1048576K
}
Event: 8.444 GC heap before
{Heap before GC invocations=5 (full 1):
 PSYoungGen      total 71680K, used 66560K [0x00000000d5f80000, 0x00000000deb80000, 0x0000000100000000)
  eden space 66560K, 100% used [0x00000000d5f80000,0x00000000da080000,0x00000000da080000)
  from space 5120K, 0% used [0x00000000da080000,0x00000000da080000,0x00000000da580000)
  to   space 5120K, 0% used [0x00000000de680000,0x00000000de680000,0x00000000deb80000)
 ParOldGen       total 76288K, used 14145K [0x0000000081e00000, 0x0000000086880000, 0x00000000d5f80000)
  object space 76288K, 18% used [0x0000000081e00000,0x0000000082bd0720,0x0000000086880000)
 Metaspace       used 30878K, capacity 31407K, committed 31536K, reserved 1077248K
  class space    used 3931K, capacity 4087K, committed 4144K, reserved 1048576K
Event: 8.493 GC heap after
Heap after GC invocations=5 (full 1):
 PSYoungGen      total 92160K, used 5091K [0x00000000d5f80000, 0x00000000deb80000, 0x0000000100000000)
  eden space 87040K, 0% used [0x00000000d5f80000,0x00000000d5f80000,0x00000000db480000)
  from space 5120K, 99% used [0x00000000de680000,0x00000000deb78c70,0x00000000deb80000)
  to   space 5120K, 0% used [0x00000000de180000,0x00000000de180000,0x00000000de680000)
 ParOldGen       total 76288K, used 26183K [0x0000000081e00000, 0x0000000086880000, 0x00000000d5f80000)
  object space 76288K, 34% used [0x0000000081e00000,0x0000000083791ea8,0x0000000086880000)
 Metaspace       used 30878K, capacity 31407K, committed 31536K, reserved 1077248K
  class space    used 3931K, capacity 4087K, committed 4144K, reserved 1048576K
}
Event: 10.340 GC heap before
{Heap before GC invocations=6 (full 1):
 PSYoungGen      total 92160K, used 26211K [0x00000000d5f80000, 0x00000000deb80000, 0x0000000100000000)
  eden space 87040K, 24% used [0x00000000d5f80000,0x00000000d7420208,0x00000000db480000)
  from space 5120K, 99% used [0x00000000de680000,0x00000000deb78c70,0x00000000deb80000)
  to   space 5120K, 0% used [0x00000000de180000,0x00000000de180000,0x00000000de680000)
 ParOldGen       total 76288K, used 26183K [0x0000000081e00000, 0x0000000086880000, 0x00000000d5f80000)
  object space 76288K, 34% used [0x0000000081e00000,0x0000000083791ea8,0x0000000086880000)
 Metaspace       used 34637K, capacity 35168K, committed 35496K, reserved 1081344K
  class space    used 4411K, capacity 4545K, committed 4656K, reserved 1048576K
Event: 10.368 GC heap after
Heap after GC invocations=6 (full 1):
 PSYoungGen      total 119296K, used 5100K [0x00000000d5f80000, 0x00000000def00000, 0x0000000100000000)
  eden space 114176K, 0% used [0x00000000d5f80000,0x00000000d5f80000,0x00000000dcf00000)
  from space 5120K, 99% used [0x00000000de180000,0x00000000de67b130,0x00000000de680000)
  to   space 8704K, 0% used [0x00000000de680000,0x00000000de680000,0x00000000def00000)
 ParOldGen       total 76288K, used 30870K [0x0000000081e00000, 0x0000000086880000, 0x00000000d5f80000)
  object space 76288K, 40% used [0x0000000081e00000,0x0000000083c258e0,0x0000000086880000)
 Metaspace       used 34637K, capacity 35168K, committed 35496K, reserved 1081344K
  class space    used 4411K, capacity 4545K, committed 4656K, reserved 1048576K
}
Event: 10.368 GC heap before
{Heap before GC invocations=7 (full 2):
 PSYoungGen      total 119296K, used 5100K [0x00000000d5f80000, 0x00000000def00000, 0x0000000100000000)
  eden space 114176K, 0% used [0x00000000d5f80000,0x00000000d5f80000,0x00000000dcf00000)
  from space 5120K, 99% used [0x00000000de180000,0x00000000de67b130,0x00000000de680000)
  to   space 8704K, 0% used [0x00000000de680000,0x00000000de680000,0x00000000def00000)
 ParOldGen       total 76288K, used 30870K [0x0000000081e00000, 0x0000000086880000, 0x00000000d5f80000)
  object space 76288K, 40% used [0x0000000081e00000,0x0000000083c258e0,0x0000000086880000)
 Metaspace       used 34637K, capacity 35168K, committed 35496K, reserved 1081344K
  class space    used 4411K, capacity 4545K, committed 4656K, reserved 1048576K
Event: 10.624 GC heap after
Heap after GC invocations=7 (full 2):
 PSYoungGen      total 119296K, used 0K [0x00000000d5f80000, 0x00000000def00000, 0x0000000100000000)
  eden space 114176K, 0% used [0x00000000d5f80000,0x00000000d5f80000,0x00000000dcf00000)
  from space 5120K, 0% used [0x00000000de180000,0x00000000de180000,0x00000000de680000)
  to   space 8704K, 0% used [0x00000000de680000,0x00000000de680000,0x00000000def00000)
 ParOldGen       total 125952K, used 17935K [0x0000000081e00000, 0x0000000089900000, 0x00000000d5f80000)
  object space 125952K, 14% used [0x0000000081e00000,0x0000000082f83c48,0x0000000089900000)
 Metaspace       used 34637K, capacity 35168K, committed 35496K, reserved 1081344K
  class space    used 4411K, capacity 4545K, committed 4656K, reserved 1048576K
}

Deoptimization events (10 events):
Event: 6.538 Thread 0x0000000003055800 Uncommon trap: reason=unstable_if action=reinterpret pc=0x0000000003797078 method=java.lang.reflect.Method.equals(Ljava/lang/Object;)Z @ 49
Event: 7.016 Thread 0x0000000003055800 Uncommon trap: reason=unstable_if action=reinterpret pc=0x0000000003743f38 method=org.jetbrains.kotlin.com.intellij.util.SmartList.get(I)Ljava/lang/Object; @ 13
Event: 9.216 Thread 0x0000000003055800 Uncommon trap: reason=class_check action=maybe_recompile pc=0x000000000368c4b8 method=gnu.trove.TObjectHash.equals(Ljava/lang/Object;Ljava/lang/Object;)Z @ 6
Event: 9.337 Thread 0x0000000003055800 Uncommon trap: reason=unstable_if action=reinterpret pc=0x0000000003325dd0 method=sun.nio.cs.UTF_8$Encoder.encode([CII[B)I @ 33
Event: 9.337 Thread 0x0000000003055800 Uncommon trap: reason=unstable_if action=reinterpret pc=0x00000000033aaa3c method=sun.nio.cs.UTF_8$Decoder.decode([BII[C)I @ 30
Event: 9.338 Thread 0x0000000003055800 Uncommon trap: reason=unstable_if action=reinterpret pc=0x00000000033ae3f4 method=sun.net.www.ParseUtil.encodePath(Ljava/lang/String;Z)Ljava/lang/String; @ 81
Event: 9.555 Thread 0x0000000003055800 Uncommon trap: reason=class_check action=maybe_recompile pc=0x00000000036551c4 method=org.jetbrains.kotlin.com.intellij.util.text.ByteArrayCharSequence.toBytesIfPossible(Ljava/lang/CharSequence;)[B @ 25
Event: 10.280 Thread 0x0000000003055800 Uncommon trap: reason=class_check action=maybe_recompile pc=0x00000000036551c4 method=org.jetbrains.kotlin.com.intellij.util.text.ByteArrayCharSequence.toBytesIfPossible(Ljava/lang/CharSequence;)[B @ 25
Event: 10.299 Thread 0x0000000003055800 Uncommon trap: reason=class_check action=maybe_recompile pc=0x00000000036551c4 method=org.jetbrains.kotlin.com.intellij.util.text.ByteArrayCharSequence.toBytesIfPossible(Ljava/lang/CharSequence;)[B @ 25
Event: 10.317 Thread 0x0000000003055800 Uncommon trap: reason=class_check action=maybe_recompile pc=0x00000000036551c4 method=org.jetbrains.kotlin.com.intellij.util.text.ByteArrayCharSequence.toBytesIfPossible(Ljava/lang/CharSequence;)[B @ 25

Classes redefined (0 events):
No events

Internal exceptions (10 events):
Event: 2.570 Thread 0x0000000003055800 Exception <a 'java/lang/NoSuchMethodError': java.lang.Object.lambda$comparing$77a9974f$1(Ljava/util/function/Function;Ljava/lang/Object;Ljava/lang/Object;)I> (0x00000000d60782c8) thrown at [C:\src\AOSP-openjdk-git\hotspot\src\share\vm\interpreter\linkReso
Event: 2.616 Thread 0x0000000003055800 Exception <a 'java/lang/NoSuchMethodError': java.lang.Object.lambda$static$0()J> (0x00000000d617a508) thrown at [C:\src\AOSP-openjdk-git\hotspot\src\share\vm\interpreter\linkResolver.cpp, line 620]
Event: 3.065 Thread 0x0000000003055800 Exception <a 'java/lang/NoSuchMethodError': java.lang.Object.lambda$static$0(I)[Lorg/jetbrains/kotlin/com/intellij/openapi/editor/event/DocumentListener;> (0x00000000d68c9840) thrown at [C:\src\AOSP-openjdk-git\hotspot\src\share\vm\interpreter\linkResolve
Event: 3.159 Thread 0x0000000003055800 Exception <a 'java/lang/NoSuchMethodError': java.lang.Object.lambda$static$0(I)[Lorg/jetbrains/kotlin/com/intellij/psi/PsiAnnotation;> (0x00000000d6ae4120) thrown at [C:\src\AOSP-openjdk-git\hotspot\src\share\vm\interpreter\linkResolver.cpp, line 620]
Event: 3.468 Thread 0x0000000003055800 Exception <a 'java/lang/NoSuchMethodError': java.lang.Object.lambda$static$0(I)[Lorg/jetbrains/kotlin/com/intellij/psi/PsiElement;> (0x00000000d7094df0) thrown at [C:\src\AOSP-openjdk-git\hotspot\src\share\vm\interpreter\linkResolver.cpp, line 620]
Event: 6.384 Thread 0x0000000003055800 Exception <a 'java/lang/ArrayIndexOutOfBoundsException': 126> (0x00000000d8c0c9c8) thrown at [C:\src\AOSP-openjdk-git\hotspot\src\share\vm\interpreter\interpreterRuntime.cpp, line 368]
Event: 6.385 Thread 0x0000000003055800 Exception <a 'java/lang/ArrayIndexOutOfBoundsException': 86> (0x00000000d8c0de50) thrown at [C:\src\AOSP-openjdk-git\hotspot\src\share\vm\interpreter\interpreterRuntime.cpp, line 368]
Event: 10.224 Thread 0x0000000003055800 Exception <a 'java/lang/NoSuchMethodError': java.lang.Object.lambda$static$0(I)[Lorg/jetbrains/kotlin/psi/KtExpression;> (0x00000000d72141f0) thrown at [C:\src\AOSP-openjdk-git\hotspot\src\share\vm\interpreter\linkResolver.cpp, line 620]
Event: 10.783 Thread 0x0000000003055800 Exception <a 'java/lang/NoSuchMethodError': java.lang.Object.lambda$static$0(I)[Lorg/jetbrains/kotlin/psi/KtDeclaration;> (0x00000000d6105518) thrown at [C:\src\AOSP-openjdk-git\hotspot\src\share\vm\interpreter\linkResolver.cpp, line 620]
Event: 11.009 Thread 0x0000000003055800 Exception <a 'java/lang/NoSuchMethodError': java.lang.Object.lambda$static$0(I)[Lorg/jetbrains/kotlin/psi/KtTypeElement;> (0x00000000d62d6868) thrown at [C:\src\AOSP-openjdk-git\hotspot\src\share\vm\interpreter\linkResolver.cpp, line 620]

Events (10 events):
Event: 11.500 loading class org/jetbrains/kotlin/load/java/structure/impl/classFiles/BinaryJavaAnnotation
Event: 11.500 loading class org/jetbrains/kotlin/load/java/structure/impl/classFiles/BinaryJavaAnnotation done
Event: 11.501 loading class org/jetbrains/kotlin/load/java/structure/JavaAnnotation
Event: 11.501 loading class org/jetbrains/kotlin/load/java/structure/JavaAnnotation done
Event: 11.502 loading class org/jetbrains/kotlin/load/java/structure/impl/classFiles/BinaryJavaAnnotation$Companion
Event: 11.502 loading class org/jetbrains/kotlin/load/java/structure/impl/classFiles/BinaryJavaAnnotation$Companion done
Event: 11.503 loading class org/jetbrains/kotlin/load/java/structure/impl/classFiles/BinaryJavaAnnotation$classifierResolutionResult$2
Event: 11.503 loading class org/jetbrains/kotlin/load/java/structure/impl/classFiles/BinaryJavaAnnotation$classifierResolutionResult$2 done
Event: 11.504 loading class org/jetbrains/kotlin/load/java/structure/impl/classFiles/BinaryJavaAnnotationVisitor
Event: 11.504 loading class org/jetbrains/kotlin/load/java/structure/impl/classFiles/BinaryJavaAnnotationVisitor done


Dynamic libraries:
0x00007ff7e79a0000 - 0x00007ff7e79d1000 	D:\WIN10\Program Files\Android\Android Studio\jre\jre\bin\java.exe
0x00007ffa8d220000 - 0x00007ffa8d410000 	C:\WINDOWS\SYSTEM32\ntdll.dll
0x00007ffa8b780000 - 0x00007ffa8b832000 	C:\WINDOWS\System32\KERNEL32.DLL
0x00007ffa8a4a0000 - 0x00007ffa8a745000 	C:\WINDOWS\System32\KERNELBASE.dll
0x00007ffa8cde0000 - 0x00007ffa8ce83000 	C:\WINDOWS\System32\ADVAPI32.dll
0x00007ffa8c5f0000 - 0x00007ffa8c68e000 	C:\WINDOWS\System32\msvcrt.dll
0x00007ffa8b670000 - 0x00007ffa8b707000 	C:\WINDOWS\System32\sechost.dll
0x00007ffa8ce90000 - 0x00007ffa8cfb0000 	C:\WINDOWS\System32\RPCRT4.dll
0x00007ffa8cc40000 - 0x00007ffa8cdd4000 	C:\WINDOWS\System32\USER32.dll
0x00007ffa8a1a0000 - 0x00007ffa8a1c1000 	C:\WINDOWS\System32\win32u.dll
0x00007ffa8c790000 - 0x00007ffa8c7b6000 	C:\WINDOWS\System32\GDI32.dll
0x00007ffa8a750000 - 0x00007ffa8a8e6000 	C:\WINDOWS\System32\gdi32full.dll
0x00007ffa8b230000 - 0x00007ffa8b2ce000 	C:\WINDOWS\System32\msvcp_win.dll
0x00007ffa8b080000 - 0x00007ffa8b17a000 	C:\WINDOWS\System32\ucrtbase.dll
0x00007ffa77d70000 - 0x00007ffa77ff4000 	C:\WINDOWS\WinSxS\amd64_microsoft.windows.common-controls_6595b64144ccf1df_6.0.18362.1198_none_9e820b57e45ad92f\COMCTL32.dll
0x00007ffa8b2d0000 - 0x00007ffa8b605000 	C:\WINDOWS\System32\combase.dll
0x00007ffa8a220000 - 0x00007ffa8a2a0000 	C:\WINDOWS\System32\bcryptPrimitives.dll
0x00007ffa8d0f0000 - 0x00007ffa8d11e000 	C:\WINDOWS\System32\IMM32.DLL
0x00000000527d0000 - 0x00000000528a2000 	D:\WIN10\Program Files\Android\Android Studio\jre\jre\bin\msvcr100.dll
0x0000000050dd0000 - 0x000000005161b000 	D:\WIN10\Program Files\Android\Android Studio\jre\jre\bin\server\jvm.dll
0x00007ffa8cc30000 - 0x00007ffa8cc38000 	C:\WINDOWS\System32\PSAPI.DLL
0x00007ffa75640000 - 0x00007ffa75649000 	C:\WINDOWS\SYSTEM32\WSOCK32.dll
0x00007ffa8c2f0000 - 0x00007ffa8c35f000 	C:\WINDOWS\System32\WS2_32.dll
0x00007ffa868e0000 - 0x00007ffa86904000 	C:\WINDOWS\SYSTEM32\WINMM.dll
0x00007ffa89cb0000 - 0x00007ffa89cba000 	C:\WINDOWS\SYSTEM32\VERSION.dll
0x00007ffa868b0000 - 0x00007ffa868dd000 	C:\WINDOWS\SYSTEM32\WINMMBASE.dll
0x00007ffa8b180000 - 0x00007ffa8b1ca000 	C:\WINDOWS\System32\cfgmgr32.dll
0x00007ffa864a0000 - 0x00007ffa864af000 	D:\WIN10\Program Files\Android\Android Studio\jre\jre\bin\verify.dll
0x00007ffa7d7c0000 - 0x00007ffa7d7e9000 	D:\WIN10\Program Files\Android\Android Studio\jre\jre\bin\java.dll
0x00007ffa7d0d0000 - 0x00007ffa7d0e6000 	D:\WIN10\Program Files\Android\Android Studio\jre\jre\bin\zip.dll
0x00007ffa8b840000 - 0x00007ffa8bf27000 	C:\WINDOWS\System32\SHELL32.dll
0x00007ffa8c080000 - 0x00007ffa8c129000 	C:\WINDOWS\System32\shcore.dll
0x00007ffa8a8f0000 - 0x00007ffa8b071000 	C:\WINDOWS\System32\windows.storage.dll
0x00007ffa8a100000 - 0x00007ffa8a123000 	C:\WINDOWS\System32\profapi.dll
0x00007ffa8a130000 - 0x00007ffa8a17a000 	C:\WINDOWS\System32\powrprof.dll
0x00007ffa8a0d0000 - 0x00007ffa8a0e0000 	C:\WINDOWS\System32\UMPDC.dll
0x00007ffa8d120000 - 0x00007ffa8d172000 	C:\WINDOWS\System32\shlwapi.dll
0x00007ffa8a0e0000 - 0x00007ffa8a0f1000 	C:\WINDOWS\System32\kernel.appcore.dll
0x00007ffa8a200000 - 0x00007ffa8a217000 	C:\WINDOWS\System32\cryptsp.dll
0x00007ffa76e80000 - 0x00007ffa76e9a000 	D:\WIN10\Program Files\Android\Android Studio\jre\jre\bin\net.dll
0x00007ffa898b0000 - 0x00007ffa89917000 	C:\WINDOWS\system32\mswsock.dll
0x00007ffa678b0000 - 0x00007ffa678c3000 	D:\WIN10\Program Files\Android\Android Studio\jre\jre\bin\nio.dll

VM Arguments:
java_command: org.jetbrains.kotlin.cli.jvm.K2JVMCompiler -Xallow-no-source-files -classpath D:\Android\Worksapce\NewsApp3\app\build\intermediates\compile_and_runtime_not_namespaced_r_class_jar\debug\R.jar;D:\Android\.gradle\caches\transforms-2\files-2.1\aca51cbcfd31cc8202f9ef892f9c7147\jetified-core-ktx-1.3.2-api.jar;D:\Android\.gradle\caches\transforms-2\files-2.1\3d6077e92a1e603a8c40332e9b15b91e\jetified-kotlin-android-extensions-runtime-1.3.72.jar;D:\Android\.gradle\caches\transforms-2\files-2.1\4ed8813dec9631a116b534b70dadf4e2\jetified-kotlin-stdlib-1.3.72.jar;D:\Android\.gradle\caches\transforms-2\files-2.1\8eb38228835690c49fe8f71143bc8ed0\jetified-kotlin-stdlib-common-1.3.72.jar;D:\Android\.gradle\caches\transforms-2\files-2.1\db84eb96dcb41b8023dfc5a17e7a034b\jetified-annotations-13.0.jar;D:\Android\.gradle\caches\transforms-2\files-2.1\9f81f509b085665d9ff44ab528ac1ca0\material-1.2.1-api.jar;D:\Android\.gradle\caches\transforms-2\files-2.1\8fe2bed2f113d7c2699cb2a04ad9a379\constraintlayout-2.0.4-api.jar;D:\Android\.gradle\caches\transforms-2\files-2.1\93778d03209b703b2835651278c910a2\appcompat-1.2.0-api.jar;D:\Android\.gradle\caches\transforms-2\files-2.1\3f2e8a133ef34e39369b2d67ce99cd1a\jetified-viewpager2-1.0.0-api.jar;D:\Android\.gradle\caches\transforms-2\files-2.1\7d1133262a8486552f8acc761ea93c37\fragment-1.1.0-api.jar;D:\Android\.gradle\caches\transforms-2\files-2.1\7c7245778409a672f74c0187bbc59faf\jetified-appcompat-resources-1.2.0-api.jar;D:\Android\.gradle\caches\transforms-2\files-2.1\670dabcb09c043da64eaad9bdc440b3d\drawerlayout-1.0.0-api.jar;D:\Android\.gradle\caches\transforms-2\files-2.1\b373091efafd655c162635c4a38399b1\coordinatorlayout-1.1.0-api.jar;D:\Android\.gradle\caches\transforms-2\files-2.1\c2f517fbc601ef2609a9f70a32732044\recyclerview-1.1.0-api.jar;D:\Android\.gradle\caches\transforms-2\files-2.1\4431c3e0904a4801e5ee42cea611dd3b\transition-1.2.0-api.jar;D:\Android\.gradle\caches\transforms-2\files-2.1\4869191592deee6fee144c19786b8aac\v
java_class_path (initial): D:\Android\.gradle\caches\modules-2\files-2.1\org.jetbrains.kotlin\kotlin-compiler-embeddable\1.3.72\fb72232c8fa977d5e07d33c43381ddbdc5edab6\kotlin-compiler-embeddable-1.3.72.jar;D:\Android\.gradle\caches\modules-2\files-2.1\org.jetbrains.kotlin\kotlin-reflect\1.3.72\86613e1a669a701b0c660bfd2af4f82a7ae11fca\kotlin-reflect-1.3.72.jar;D:\Android\.gradle\caches\modules-2\files-2.1\org.jetbrains.kotlin\kotlin-stdlib\1.3.72\8032138f12c0180bc4e51fe139d4c52b46db6109\kotlin-stdlib-1.3.72.jar;D:\Android\.gradle\caches\modules-2\files-2.1\org.jetbrains.kotlin\kotlin-script-runtime\1.3.72\657d8d34d91e1964b4439378c09933e840bfe8d5\kotlin-script-runtime-1.3.72.jar;D:\Android\.gradle\caches\modules-2\files-2.1\org.jetbrains.kotlin\kotlin-daemon-embeddable\1.3.72\53bbaa2816dbf6bdb85f629451b1fcc88f2164d2\kotlin-daemon-embeddable-1.3.72.jar;D:\Android\.gradle\caches\modules-2\files-2.1\org.jetbrains.intellij.deps\trove4j\1.0.20181211\216c2e14b070f334479d800987affe4054cd563f\trove4j-1.0.20181211.jar;D:\Android\.gradle\caches\modules-2\files-2.1\org.jetbrains.kotlin\kotlin-stdlib-common\1.3.72\6ca8bee3d88957eaaaef077c41c908c9940492d8\kotlin-stdlib-common-1.3.72.jar;D:\Android\.gradle\caches\modules-2\files-2.1\org.jetbrains\annotations\13.0\919f0dfe192fb4e063e7dacadee7f8bb9a2672a9\annotations-13.0.jar;D:\WIN10\Program Files\Android\Android Studio\jre\lib\tools.jar
Launcher Type: SUN_STANDARD

Environment Variables:
JAVA_HOME=D:\jdk15.0.1
CLASSPATH=.;D:\jdk15.0.1\lib\dt.jar;D:\jdk15.0.1\lib\tools.jar 
PATH=E:\vmware16\bin\;C:\Program Files (x86)\Common Files\Intel\Shared Libraries\redist\intel64_win\compiler;C:\Program Files (x86)\Common Files\Intel\Shared Libraries\redist\intel64\compiler;C:\Windows\system32;C:\Windows;C:\Windows\System32\Wbem;C:\Windows\System32\WindowsPowerShell\v1.0\;C:\Program Files (x86)\NVIDIA Corporation\PhysX\Common;C:\WINDOWS\system32;C:\WINDOWS;C:\WINDOWS\System32\Wbem;C:\WINDOWS\System32\WindowsPowerShell\v1.0\;C:\WINDOWS\System32\OpenSSH\;"C:\Program Files\MySQL\MySQL Server 5.7\bin\;";C:\Users\联想\AppData\Local\Programs\Python\Python37\Scripts;C;\Users\联想\AppData\Local\Programs\Python\Python37;E;\matlab\runtime\win64;C:\Program Files\NVIDIA Corporation\NVIDIA NvDLISR;C:\Program Files\TortoiseGit\bin;C:\Program Files\nodejs\node_global;C:\Program Files\nodejs;D:\apache-maven-3.6.3\bin;C:\Program Files\Git\cmd;D:\jdk15.0.1\bin;D:\jdk15.0.1\jre\bin;D:\Android\Sdk\platform-tools;D:\Android\Sdk\tools;C:\Program Files\MySQL\MySQL Shell 8.0\bin\;C:\Users\联想\AppData\Local\Microsoft\WindowsApps;C:\Users\联想\AppData\Local\Programs\Microsoft VS Code Insiders\bin;C:\Users\联想\AppData\Local\Programs\Microsoft VS Code\bin;C:\Users\联想\AppData\Roaming\npm;
USERNAME=联想
OS=Windows_NT
PROCESSOR_IDENTIFIER=Intel64 Family 6 Model 142 Stepping 10, GenuineIntel



---------------  S Y S T E M  ---------------

OS: Windows 10.0 , 64 bit Build 18362 (10.0.18362.1110)

CPU:total 8 (initial active 8) (4 cores per cpu, 2 threads per core) family 6 model 142 stepping 10, cmov, cx8, fxsr, mmx, sse, sse2, sse3, ssse3, sse4.1, sse4.2, popcnt, avx, avx2, aes, clmul, erms, 3dnowpref, lzcnt, ht, tsc, tscinvbit, bmi1, bmi2, adx

Memory: 4k page, physical 8263052k(223720k free), swap 26249604k(8k free)

vm_info: OpenJDK 64-Bit Server VM (25.242-b01) for windows-amd64 JRE (1.8.0_242-release-1644-b01), built by "builder" with MS VC++ 10.0 (VS2010)

time: Mon Dec 07 23:05:14 2020
timezone: 中国标准时间
elapsed time: 11 seconds (0d 0h 0m 11s)

