#
# There is insufficient memory for the Java Runtime Environment to continue.
# Native memory allocation (malloc) failed to allocate 1613296 bytes for Chunk::new
# Possible reasons:
#   The system is out of physical RAM or swap space
#   The process is running with CompressedOops enabled, and the Java Heap may be blocking the growth of the native heap
# Possible solutions:
#   Reduce memory load on the system
#   Increase physical memory or swap space
#   Check if swap backing store is full
#   Decrease Java heap size (-Xmx/-Xms)
#   Decrease number of Java threads
#   Decrease Java thread stack sizes (-Xss)
#   Set larger code cache with -XX:ReservedCodeCacheSize=
#   JVM is running with Unscaled Compressed Oops mode in which the Java heap is
#     placed in the first 4GB address space. The Java Heap base address is the
#     maximum limit for the native heap growth. Please use -XX:HeapBaseMinAddress
#     to set the Java Heap base and to place the Java Heap above 4GB virtual address.
# This output file may be truncated or incomplete.
#
#  Out of Memory Error (allocation.cpp:389), pid=5368, tid=0x0000000000000d10
#
# JRE version: OpenJDK Runtime Environment (8.0_242-b01) (build 1.8.0_242-release-1644-b01)
# Java VM: OpenJDK 64-Bit Server VM (25.242-b01 mixed mode windows-amd64 compressed oops)
# Failed to write core dump. Minidumps are not enabled by default on client versions of Windows
#

---------------  T H R E A D  ---------------

Current thread (0x000000001a217000):  JavaThread "C2 CompilerThread1" daemon [_thread_in_native, id=3344, stack(0x000000001aa80000,0x000000001ab80000)]

Stack: [0x000000001aa80000,0x000000001ab80000]
[error occurred during error reporting (printing stack bounds), id 0xc0000005]

Native frames: (J=compiled Java code, j=interpreted, Vv=VM code, C=native code)


Current CompileTask:
C2:  11256 3656       4       org.jetbrains.org.objectweb.asm.ClassReader::readMethod (1047 bytes)


---------------  P R O C E S S  ---------------

Java Threads: ( => current thread )
  0x000000001a2c1800 JavaThread "Service Thread" daemon [_thread_blocked, id=24484, stack(0x000000001ad80000,0x000000001ae80000)]
  0x000000001a220800 JavaThread "C1 CompilerThread3" daemon [_thread_in_native, id=35252, stack(0x000000001ac80000,0x000000001ad80000)]
  0x000000001a21a800 JavaThread "C2 CompilerThread2" daemon [_thread_in_native, id=36708, stack(0x000000001ab80000,0x000000001ac80000)]
=>0x000000001a217000 JavaThread "C2 CompilerThread1" daemon [_thread_in_native, id=3344, stack(0x000000001aa80000,0x000000001ab80000)]
  0x000000001a211000 JavaThread "C2 CompilerThread0" daemon [_thread_blocked, id=17660, stack(0x000000001a980000,0x000000001aa80000)]
  0x000000001a20f000 JavaThread "Attach Listener" daemon [_thread_blocked, id=1788, stack(0x000000001a880000,0x000000001a980000)]
  0x000000001a1bd000 JavaThread "Signal Dispatcher" daemon [_thread_blocked, id=25260, stack(0x000000001a780000,0x000000001a880000)]
  0x000000000342c000 JavaThread "Finalizer" daemon [_thread_blocked, id=31776, stack(0x000000001a680000,0x000000001a780000)]
  0x000000001a1a0800 JavaThread "Reference Handler" daemon [_thread_blocked, id=19220, stack(0x000000001a580000,0x000000001a680000)]
  0x0000000003335800 JavaThread "main" [_thread_in_Java, id=28524, stack(0x0000000003230000,0x0000000003330000)]

Other Threads:
  0x0000000018396800 VMThread [stack: 0x000000001a080000,0x000000001a180000] [id=36040]
  0x000000001a2c2800 WatcherThread [stack: 0x000000001ae80000,0x000000001af80000] [id=35964]

VM state:not at safepoint (normal execution)

VM Mutex/Monitor currently owned by a thread: None

heap address: 0x0000000081e00000, size: 2018 MB, Compressed Oops mode: 32-bit
Narrow klass base: 0x0000000000000000, Narrow klass shift: 3
Compressed class space size: 1073741824 Address: 0x0000000100000000

Heap:
 PSYoungGen      total 66048K, used 30240K [0x00000000d5f80000, 0x00000000db900000, 0x0000000100000000)
  eden space 51712K, 38% used [0x00000000d5f80000,0x00000000d72cd770,0x00000000d9200000)
  from space 14336K, 73% used [0x00000000d9200000,0x00000000d9c3aa20,0x00000000da000000)
  to   space 14336K, 0% used [0x00000000dab00000,0x00000000dab00000,0x00000000db900000)
 ParOldGen       total 81408K, used 17407K [0x0000000081e00000, 0x0000000086d80000, 0x00000000d5f80000)
  object space 81408K, 21% used [0x0000000081e00000,0x0000000082effd40,0x0000000086d80000)
 Metaspace       used 41100K, capacity 41730K, committed 42160K, reserved 1085440K
  class space    used 5093K, capacity 5236K, committed 5296K, reserved 1048576K

Card table byte_map: [0x00000000127f0000,0x0000000012bf0000] byte_map_base: 0x00000000123e1000

Marking Bits: (ParMarkBitMap*) 0x000000005159f030
 Begin Bits: [0x00000000136a0000, 0x0000000015628000)
 End Bits:   [0x0000000015628000, 0x00000000175b0000)

Polling page: 0x0000000000ff0000

CodeCache: size=245760Kb used=11832Kb max_used=11843Kb free=233927Kb
 bounds [0x0000000003430000, 0x0000000003fd0000, 0x0000000012430000]
 total_blobs=4250 nmethods=3788 adapters=375
 compilation: enabled

Compilation events (10 events):
Event: 11.249 Thread 0x000000001a220800 3992       3       org.jetbrains.kotlin.types.SimpleTypeImpl::makeNullableAsSpecified (52 bytes)
Event: 11.250 Thread 0x000000001a21a800 nmethod 3955 0x0000000003fc2150 code [0x0000000003fc2300, 0x0000000003fc3038]
Event: 11.250 Thread 0x000000001a21a800 3977       4       org.jetbrains.kotlin.com.intellij.openapi.vfs.VirtualFile::getNameWithoutExtension (21 bytes)
Event: 11.250 Thread 0x000000001a220800 nmethod 3992 0x0000000003fbcc10 code [0x0000000003fbce80, 0x0000000003fbdc38]
Event: 11.250 Thread 0x000000001a220800 4002       3       org.jetbrains.kotlin.load.java.lazy.types.JavaTypeResolver::<init> (29 bytes)
Event: 11.250 Thread 0x000000001a211000 nmethod 3975 0x0000000003fbbad0 code [0x0000000003fbbca0, 0x0000000003fbc450]
Event: 11.250 Thread 0x000000001a211000 4000       4       org.jetbrains.kotlin.com.intellij.openapi.progress.impl.CoreProgressManager::doCheckCanceled (43 bytes)
Event: 11.251 Thread 0x000000001a220800 nmethod 4002 0x0000000003fbb410 code [0x0000000003fbb5a0, 0x0000000003fbb938]
Event: 11.251 Thread 0x000000001a220800 3991       3       org.jetbrains.kotlin.cli.jvm.compiler.KotlinCliJavaFileManagerImpl::findClass (423 bytes)
Event: 11.251 Thread 0x000000001a211000 nmethod 4000 0x0000000003fbf250 code [0x0000000003fbf3a0, 0x0000000003fbf438]

GC Heap History (10 events):
Event: 6.985 GC heap before
{Heap before GC invocations=5 (full 1):
 PSYoungGen      total 38400K, used 33280K [0x00000000d5f80000, 0x00000000daa80000, 0x0000000100000000)
  eden space 33280K, 100% used [0x00000000d5f80000,0x00000000d8000000,0x00000000d8000000)
  from space 5120K, 0% used [0x00000000d8000000,0x00000000d8000000,0x00000000d8500000)
  to   space 5120K, 0% used [0x00000000da580000,0x00000000da580000,0x00000000daa80000)
 ParOldGen       total 81408K, used 14146K [0x0000000081e00000, 0x0000000086d80000, 0x00000000d5f80000)
  object space 81408K, 17% used [0x0000000081e00000,0x0000000082bd0988,0x0000000086d80000)
 Metaspace       used 24776K, capacity 25302K, committed 25520K, reserved 1071104K
  class space    used 2953K, capacity 3123K, committed 3248K, reserved 1048576K
Event: 7.002 GC heap after
Heap after GC invocations=5 (full 1):
 PSYoungGen      total 43520K, used 5097K [0x00000000d5f80000, 0x00000000daa80000, 0x0000000100000000)
  eden space 38400K, 0% used [0x00000000d5f80000,0x00000000d5f80000,0x00000000d8500000)
  from space 5120K, 99% used [0x00000000da580000,0x00000000daa7a768,0x00000000daa80000)
  to   space 5120K, 0% used [0x00000000da080000,0x00000000da080000,0x00000000da580000)
 ParOldGen       total 81408K, used 16729K [0x0000000081e00000, 0x0000000086d80000, 0x00000000d5f80000)
  object space 81408K, 20% used [0x0000000081e00000,0x0000000082e565c8,0x0000000086d80000)
 Metaspace       used 24776K, capacity 25302K, committed 25520K, reserved 1071104K
  class space    used 2953K, capacity 3123K, committed 3248K, reserved 1048576K
}
Event: 8.272 GC heap before
{Heap before GC invocations=6 (full 1):
 PSYoungGen      total 43520K, used 43497K [0x00000000d5f80000, 0x00000000daa80000, 0x0000000100000000)
  eden space 38400K, 100% used [0x00000000d5f80000,0x00000000d8500000,0x00000000d8500000)
  from space 5120K, 99% used [0x00000000da580000,0x00000000daa7a768,0x00000000daa80000)
  to   space 5120K, 0% used [0x00000000da080000,0x00000000da080000,0x00000000da580000)
 ParOldGen       total 81408K, used 16729K [0x0000000081e00000, 0x0000000086d80000, 0x00000000d5f80000)
  object space 81408K, 20% used [0x0000000081e00000,0x0000000082e565c8,0x0000000086d80000)
 Metaspace       used 31411K, capacity 31931K, committed 32176K, reserved 1077248K
  class space    used 3995K, capacity 4153K, committed 4272K, reserved 1048576K
Event: 8.297 GC heap after
Heap after GC invocations=6 (full 1):
 PSYoungGen      total 49664K, used 5091K [0x00000000d5f80000, 0x00000000da800000, 0x0000000100000000)
  eden space 44544K, 0% used [0x00000000d5f80000,0x00000000d5f80000,0x00000000d8b00000)
  from space 5120K, 99% used [0x00000000da080000,0x00000000da578c70,0x00000000da580000)
  to   space 2560K, 0% used [0x00000000da580000,0x00000000da580000,0x00000000da800000)
 ParOldGen       total 81408K, used 26723K [0x0000000081e00000, 0x0000000086d80000, 0x00000000d5f80000)
  object space 81408K, 32% used [0x0000000081e00000,0x0000000083818cb0,0x0000000086d80000)
 Metaspace       used 31411K, capacity 31931K, committed 32176K, reserved 1077248K
  class space    used 3995K, capacity 4153K, committed 4272K, reserved 1048576K
}
Event: 9.277 GC heap before
{Heap before GC invocations=7 (full 1):
 PSYoungGen      total 49664K, used 20154K [0x00000000d5f80000, 0x00000000da800000, 0x0000000100000000)
  eden space 44544K, 33% used [0x00000000d5f80000,0x00000000d6e35e18,0x00000000d8b00000)
  from space 5120K, 99% used [0x00000000da080000,0x00000000da578c70,0x00000000da580000)
  to   space 2560K, 0% used [0x00000000da580000,0x00000000da580000,0x00000000da800000)
 ParOldGen       total 81408K, used 26723K [0x0000000081e00000, 0x0000000086d80000, 0x00000000d5f80000)
  object space 81408K, 32% used [0x0000000081e00000,0x0000000083818cb0,0x0000000086d80000)
 Metaspace       used 34696K, capacity 35174K, committed 35496K, reserved 1081344K
  class space    used 4420K, capacity 4546K, committed 4656K, reserved 1048576K
Event: 9.288 GC heap after
Heap after GC invocations=7 (full 1):
 PSYoungGen      total 54272K, used 2531K [0x00000000d5f80000, 0x00000000dae00000, 0x0000000100000000)
  eden space 51712K, 0% used [0x00000000d5f80000,0x00000000d5f80000,0x00000000d9200000)
  from space 2560K, 98% used [0x00000000da580000,0x00000000da7f8c70,0x00000000da800000)
  to   space 14336K, 0% used [0x00000000d9200000,0x00000000d9200000,0x00000000da000000)
 ParOldGen       total 81408K, used 32891K [0x0000000081e00000, 0x0000000086d80000, 0x00000000d5f80000)
  object space 81408K, 40% used [0x0000000081e00000,0x0000000083e1efb0,0x0000000086d80000)
 Metaspace       used 34696K, capacity 35174K, committed 35496K, reserved 1081344K
  class space    used 4420K, capacity 4546K, committed 4656K, reserved 1048576K
}
Event: 9.289 GC heap before
{Heap before GC invocations=8 (full 2):
 PSYoungGen      total 54272K, used 2531K [0x00000000d5f80000, 0x00000000dae00000, 0x0000000100000000)
  eden space 51712K, 0% used [0x00000000d5f80000,0x00000000d5f80000,0x00000000d9200000)
  from space 2560K, 98% used [0x00000000da580000,0x00000000da7f8c70,0x00000000da800000)
  to   space 14336K, 0% used [0x00000000d9200000,0x00000000d9200000,0x00000000da000000)
 ParOldGen       total 81408K, used 32891K [0x0000000081e00000, 0x0000000086d80000, 0x00000000d5f80000)
  object space 81408K, 40% used [0x0000000081e00000,0x0000000083e1efb0,0x0000000086d80000)
 Metaspace       used 34696K, capacity 35174K, committed 35496K, reserved 1081344K
  class space    used 4420K, capacity 4546K, committed 4656K, reserved 1048576K
Event: 9.386 GC heap after
Heap after GC invocations=8 (full 2):
 PSYoungGen      total 54272K, used 0K [0x00000000d5f80000, 0x00000000dae00000, 0x0000000100000000)
  eden space 51712K, 0% used [0x00000000d5f80000,0x00000000d5f80000,0x00000000d9200000)
  from space 2560K, 0% used [0x00000000da580000,0x00000000da580000,0x00000000da800000)
  to   space 14336K, 0% used [0x00000000d9200000,0x00000000d9200000,0x00000000da000000)
 ParOldGen       total 81408K, used 17399K [0x0000000081e00000, 0x0000000086d80000, 0x00000000d5f80000)
  object space 81408K, 21% used [0x0000000081e00000,0x0000000082efdd40,0x0000000086d80000)
 Metaspace       used 34696K, capacity 35174K, committed 35496K, reserved 1081344K
  class space    used 4420K, capacity 4546K, committed 4656K, reserved 1048576K
}
Event: 10.461 GC heap before
{Heap before GC invocations=9 (full 2):
 PSYoungGen      total 54272K, used 51712K [0x00000000d5f80000, 0x00000000dae00000, 0x0000000100000000)
  eden space 51712K, 100% used [0x00000000d5f80000,0x00000000d9200000,0x00000000d9200000)
  from space 2560K, 0% used [0x00000000da580000,0x00000000da580000,0x00000000da800000)
  to   space 14336K, 0% used [0x00000000d9200000,0x00000000d9200000,0x00000000da000000)
 ParOldGen       total 81408K, used 17399K [0x0000000081e00000, 0x0000000086d80000, 0x00000000d5f80000)
  object space 81408K, 21% used [0x0000000081e00000,0x0000000082efdd40,0x0000000086d80000)
 Metaspace       used 38834K, capacity 39440K, committed 39728K, reserved 1083392K
  class space    used 4912K, capacity 5059K, committed 5168K, reserved 1048576K
Event: 10.477 GC heap after
Heap after GC invocations=9 (full 2):
 PSYoungGen      total 66048K, used 10474K [0x00000000d5f80000, 0x00000000db900000, 0x0000000100000000)
  eden space 51712K, 0% used [0x00000000d5f80000,0x00000000d5f80000,0x00000000d9200000)
  from space 14336K, 73% used [0x00000000d9200000,0x00000000d9c3aa20,0x00000000da000000)
  to   space 14336K, 0% used [0x00000000dab00000,0x00000000dab00000,0x00000000db900000)
 ParOldGen       total 81408K, used 17407K [0x0000000081e00000, 0x0000000086d80000, 0x00000000d5f80000)
  object space 81408K, 21% used [0x0000000081e00000,0x0000000082effd40,0x0000000086d80000)
 Metaspace       used 38834K, capacity 39440K, committed 39728K, reserved 1083392K
  class space    used 4912K, capacity 5059K, committed 5168K, reserved 1048576K
}

Deoptimization events (10 events):
Event: 9.781 Thread 0x0000000003335800 Uncommon trap: reason=bimorphic action=maybe_recompile pc=0x0000000003a2b980 method=org.jetbrains.kotlin.protobuf.CodedInputStream.tryRefillBuffer(I)Z @ 177
Event: 9.792 Thread 0x0000000003335800 Uncommon trap: reason=unstable_if action=reinterpret pc=0x0000000003c86774 method=org.jetbrains.org.objectweb.asm.ClassReader.readUtf(II[C)Ljava/lang/String; @ 41
Event: 9.796 Thread 0x0000000003335800 Uncommon trap: reason=unstable_if action=reinterpret pc=0x0000000003c768e0 method=org.jetbrains.org.objectweb.asm.ClassReader.readUtf(II[C)Ljava/lang/String; @ 41
Event: 9.797 Thread 0x0000000003335800 Uncommon trap: reason=unstable_if action=reinterpret pc=0x0000000003c28fa0 method=org.jetbrains.org.objectweb.asm.ClassReader.readUtf(II[C)Ljava/lang/String; @ 41
Event: 9.831 Thread 0x0000000003335800 Uncommon trap: reason=bimorphic action=maybe_recompile pc=0x0000000003a2db10 method=org.jetbrains.kotlin.protobuf.CodedInputStream.tryRefillBuffer(I)Z @ 177
Event: 10.387 Thread 0x0000000003335800 Uncommon trap: reason=unstable_if action=reinterpret pc=0x0000000003b36268 method=java.lang.AbstractStringBuilder.append(Ljava/lang/CharSequence;)Ljava/lang/AbstractStringBuilder; @ 29
Event: 10.504 Thread 0x0000000003335800 Uncommon trap: reason=unstable_if action=reinterpret pc=0x0000000003c5c74c method=gnu.trove.TObjectHash.insertionIndex(Ljava/lang/Object;)I @ 65
Event: 10.708 Thread 0x0000000003335800 Uncommon trap: reason=unstable_if action=reinterpret pc=0x0000000003c2ae68 method=org.jetbrains.kotlin.com.intellij.util.text.CharArrayUtil.getChars(Ljava/lang/CharSequence;[CIII)V @ 51
Event: 10.785 Thread 0x0000000003335800 Uncommon trap: reason=unstable_if action=reinterpret pc=0x0000000003562df0 method=org.jetbrains.kotlin.name.Name.hashCode()I @ 16
Event: 11.037 Thread 0x0000000003335800 Uncommon trap: reason=unstable_if action=reinterpret pc=0x0000000003f1c774 method=org.jetbrains.org.objectweb.asm.Type.getDescriptor()Ljava/lang/String; @ 35

Classes redefined (0 events):
No events

Internal exceptions (10 events):
Event: 3.809 Thread 0x0000000003335800 Exception <a 'java/lang/NoSuchMethodError': java.lang.Object.lambda$static$0()J> (0x00000000d617c158) thrown at [C:\src\AOSP-openjdk-git\hotspot\src\share\vm\interpreter\linkResolver.cpp, line 620]
Event: 4.268 Thread 0x0000000003335800 Exception <a 'java/lang/NoSuchMethodError': java.lang.Object.lambda$static$0(I)[Lorg/jetbrains/kotlin/com/intellij/openapi/editor/event/DocumentListener;> (0x00000000d68c98a8) thrown at [C:\src\AOSP-openjdk-git\hotspot\src\share\vm\interpreter\linkResolve
Event: 4.360 Thread 0x0000000003335800 Exception <a 'java/lang/NoSuchMethodError': java.lang.Object.lambda$static$0(I)[Lorg/jetbrains/kotlin/com/intellij/psi/PsiAnnotation;> (0x00000000d6ae4390) thrown at [C:\src\AOSP-openjdk-git\hotspot\src\share\vm\interpreter\linkResolver.cpp, line 620]
Event: 4.788 Thread 0x0000000003335800 Exception <a 'java/lang/NoSuchMethodError': java.lang.Object.lambda$static$0(I)[Lorg/jetbrains/kotlin/com/intellij/psi/PsiElement;> (0x00000000d7029c80) thrown at [C:\src\AOSP-openjdk-git\hotspot\src\share\vm\interpreter\linkResolver.cpp, line 620]
Event: 7.416 Thread 0x0000000003335800 Exception <a 'java/lang/ArrayIndexOutOfBoundsException': 126> (0x00000000d6be4978) thrown at [C:\src\AOSP-openjdk-git\hotspot\src\share\vm\interpreter\interpreterRuntime.cpp, line 368]
Event: 7.417 Thread 0x0000000003335800 Exception <a 'java/lang/ArrayIndexOutOfBoundsException': 86> (0x00000000d6be5e00) thrown at [C:\src\AOSP-openjdk-git\hotspot\src\share\vm\interpreter\interpreterRuntime.cpp, line 368]
Event: 9.195 Thread 0x0000000003335800 Exception <a 'java/lang/NoSuchMethodError': java.lang.Object.lambda$static$0(I)[Lorg/jetbrains/kotlin/psi/KtExpression;> (0x00000000d6c3a170) thrown at [C:\src\AOSP-openjdk-git\hotspot\src\share\vm\interpreter\linkResolver.cpp, line 620]
Event: 9.413 Thread 0x0000000003335800 Exception <a 'java/lang/NoSuchMethodError': java.lang.Object.lambda$static$0(I)[Lorg/jetbrains/kotlin/psi/KtDeclaration;> (0x00000000d6090e10) thrown at [C:\src\AOSP-openjdk-git\hotspot\src\share\vm\interpreter\linkResolver.cpp, line 620]
Event: 9.454 Thread 0x0000000003335800 Exception <a 'java/lang/NoSuchMethodError': java.lang.Object.lambda$static$0(I)[Lorg/jetbrains/kotlin/psi/KtTypeElement;> (0x00000000d620cf00) thrown at [C:\src\AOSP-openjdk-git\hotspot\src\share\vm\interpreter\linkResolver.cpp, line 620]
Event: 10.397 Thread 0x0000000003335800 Exception <a 'java/lang/NoSuchMethodError': java.lang.Object.lambda$static$0(I)[Lorg/jetbrains/kotlin/com/intellij/psi/PsiClass;> (0x00000000d9057098) thrown at [C:\src\AOSP-openjdk-git\hotspot\src\share\vm\interpreter\linkResolver.cpp, line 620]

Events (10 events):
Event: 11.156 loading class org/jetbrains/kotlin/descriptors/ModalityKt
Event: 11.156 loading class org/jetbrains/kotlin/descriptors/ModalityKt done
Event: 11.156 loading class org/jetbrains/kotlin/types/checker/NewCapturedTypeKt
Event: 11.156 loading class org/jetbrains/kotlin/types/checker/NewCapturedTypeKt done
Event: 11.157 loading class org/jetbrains/kotlin/types/AbstractTypeChecker$WhenMappings
Event: 11.157 loading class org/jetbrains/kotlin/types/AbstractTypeChecker$WhenMappings done
Event: 11.158 loading class org/jetbrains/kotlin/types/AbstractTypeCheckerContext$LowerCapturedTypePolicy
Event: 11.158 loading class org/jetbrains/kotlin/types/AbstractTypeCheckerContext$LowerCapturedTypePolicy done
Event: 11.173 Executing VM operation: ForceSafepoint
Event: 11.174 Executing VM operation: ForceSafepoint done


Dynamic libraries:
0x00007ff67a650000 - 0x00007ff67a681000 	D:\WIN10\Program Files\Android\Android Studio\jre\jre\bin\java.exe
0x00007ffa8d220000 - 0x00007ffa8d410000 	C:\WINDOWS\SYSTEM32\ntdll.dll
0x00007ffa8b780000 - 0x00007ffa8b832000 	C:\WINDOWS\System32\KERNEL32.DLL
0x00007ffa8a4a0000 - 0x00007ffa8a745000 	C:\WINDOWS\System32\KERNELBASE.dll
0x00007ffa8cde0000 - 0x00007ffa8ce83000 	C:\WINDOWS\System32\ADVAPI32.dll
0x00007ffa8c5f0000 - 0x00007ffa8c68e000 	C:\WINDOWS\System32\msvcrt.dll
0x00007ffa8b670000 - 0x00007ffa8b707000 	C:\WINDOWS\System32\sechost.dll
0x00007ffa8ce90000 - 0x00007ffa8cfb0000 	C:\WINDOWS\System32\RPCRT4.dll
0x00007ffa8cc40000 - 0x00007ffa8cdd4000 	C:\WINDOWS\System32\USER32.dll
0x00007ffa8a1a0000 - 0x00007ffa8a1c1000 	C:\WINDOWS\System32\win32u.dll
0x00007ffa8c790000 - 0x00007ffa8c7b6000 	C:\WINDOWS\System32\GDI32.dll
0x00007ffa8a750000 - 0x00007ffa8a8e6000 	C:\WINDOWS\System32\gdi32full.dll
0x00007ffa8b230000 - 0x00007ffa8b2ce000 	C:\WINDOWS\System32\msvcp_win.dll
0x00007ffa8b080000 - 0x00007ffa8b17a000 	C:\WINDOWS\System32\ucrtbase.dll
0x00007ffa77d70000 - 0x00007ffa77ff4000 	C:\WINDOWS\WinSxS\amd64_microsoft.windows.common-controls_6595b64144ccf1df_6.0.18362.1198_none_9e820b57e45ad92f\COMCTL32.dll
0x00007ffa8b2d0000 - 0x00007ffa8b605000 	C:\WINDOWS\System32\combase.dll
0x00007ffa8a220000 - 0x00007ffa8a2a0000 	C:\WINDOWS\System32\bcryptPrimitives.dll
0x00007ffa8d0f0000 - 0x00007ffa8d11e000 	C:\WINDOWS\System32\IMM32.DLL
0x00000000527d0000 - 0x00000000528a2000 	D:\WIN10\Program Files\Android\Android Studio\jre\jre\bin\msvcr100.dll
0x0000000050dd0000 - 0x000000005161b000 	D:\WIN10\Program Files\Android\Android Studio\jre\jre\bin\server\jvm.dll
0x00007ffa8cc30000 - 0x00007ffa8cc38000 	C:\WINDOWS\System32\PSAPI.DLL
0x00007ffa89cb0000 - 0x00007ffa89cba000 	C:\WINDOWS\SYSTEM32\VERSION.dll
0x00007ffa868e0000 - 0x00007ffa86904000 	C:\WINDOWS\SYSTEM32\WINMM.dll
0x00007ffa75640000 - 0x00007ffa75649000 	C:\WINDOWS\SYSTEM32\WSOCK32.dll
0x00007ffa8c2f0000 - 0x00007ffa8c35f000 	C:\WINDOWS\System32\WS2_32.dll
0x00007ffa868b0000 - 0x00007ffa868dd000 	C:\WINDOWS\SYSTEM32\winmmbase.dll
0x00007ffa8b180000 - 0x00007ffa8b1ca000 	C:\WINDOWS\System32\cfgmgr32.dll
0x00007ffa864a0000 - 0x00007ffa864af000 	D:\WIN10\Program Files\Android\Android Studio\jre\jre\bin\verify.dll
0x00007ffa7d7c0000 - 0x00007ffa7d7e9000 	D:\WIN10\Program Files\Android\Android Studio\jre\jre\bin\java.dll
0x00007ffa7d0d0000 - 0x00007ffa7d0e6000 	D:\WIN10\Program Files\Android\Android Studio\jre\jre\bin\zip.dll
0x00007ffa8b840000 - 0x00007ffa8bf27000 	C:\WINDOWS\System32\SHELL32.dll
0x00007ffa8c080000 - 0x00007ffa8c129000 	C:\WINDOWS\System32\shcore.dll
0x00007ffa8a8f0000 - 0x00007ffa8b071000 	C:\WINDOWS\System32\windows.storage.dll
0x00007ffa8a100000 - 0x00007ffa8a123000 	C:\WINDOWS\System32\profapi.dll
0x00007ffa8a130000 - 0x00007ffa8a17a000 	C:\WINDOWS\System32\powrprof.dll
0x00007ffa8a0d0000 - 0x00007ffa8a0e0000 	C:\WINDOWS\System32\UMPDC.dll
0x00007ffa8d120000 - 0x00007ffa8d172000 	C:\WINDOWS\System32\shlwapi.dll
0x00007ffa8a0e0000 - 0x00007ffa8a0f1000 	C:\WINDOWS\System32\kernel.appcore.dll
0x00007ffa8a200000 - 0x00007ffa8a217000 	C:\WINDOWS\System32\cryptsp.dll
0x00007ffa76e80000 - 0x00007ffa76e9a000 	D:\WIN10\Program Files\Android\Android Studio\jre\jre\bin\net.dll
0x00007ffa898b0000 - 0x00007ffa89917000 	C:\WINDOWS\system32\mswsock.dll
0x00007ffa678b0000 - 0x00007ffa678c3000 	D:\WIN10\Program Files\Android\Android Studio\jre\jre\bin\nio.dll

VM Arguments:
java_command: org.jetbrains.kotlin.cli.jvm.K2JVMCompiler -Xallow-no-source-files -classpath D:\Android\Worksapce\NewsApp3\app\build\intermediates\compile_and_runtime_not_namespaced_r_class_jar\debug\R.jar;D:\Android\.gradle\caches\transforms-2\files-2.1\aca51cbcfd31cc8202f9ef892f9c7147\jetified-core-ktx-1.3.2-api.jar;D:\Android\.gradle\caches\transforms-2\files-2.1\3d6077e92a1e603a8c40332e9b15b91e\jetified-kotlin-android-extensions-runtime-1.3.72.jar;D:\Android\.gradle\caches\transforms-2\files-2.1\4ed8813dec9631a116b534b70dadf4e2\jetified-kotlin-stdlib-1.3.72.jar;D:\Android\.gradle\caches\transforms-2\files-2.1\8eb38228835690c49fe8f71143bc8ed0\jetified-kotlin-stdlib-common-1.3.72.jar;D:\Android\.gradle\caches\transforms-2\files-2.1\db84eb96dcb41b8023dfc5a17e7a034b\jetified-annotations-13.0.jar;D:\Android\.gradle\caches\transforms-2\files-2.1\9f81f509b085665d9ff44ab528ac1ca0\material-1.2.1-api.jar;D:\Android\.gradle\caches\transforms-2\files-2.1\8fe2bed2f113d7c2699cb2a04ad9a379\constraintlayout-2.0.4-api.jar;D:\Android\.gradle\caches\transforms-2\files-2.1\93778d03209b703b2835651278c910a2\appcompat-1.2.0-api.jar;D:\Android\.gradle\caches\transforms-2\files-2.1\3f2e8a133ef34e39369b2d67ce99cd1a\jetified-viewpager2-1.0.0-api.jar;D:\Android\.gradle\caches\transforms-2\files-2.1\7d1133262a8486552f8acc761ea93c37\fragment-1.1.0-api.jar;D:\Android\.gradle\caches\transforms-2\files-2.1\7c7245778409a672f74c0187bbc59faf\jetified-appcompat-resources-1.2.0-api.jar;D:\Android\.gradle\caches\transforms-2\files-2.1\670dabcb09c043da64eaad9bdc440b3d\drawerlayout-1.0.0-api.jar;D:\Android\.gradle\caches\transforms-2\files-2.1\b373091efafd655c162635c4a38399b1\coordinatorlayout-1.1.0-api.jar;D:\Android\.gradle\caches\transforms-2\files-2.1\c2f517fbc601ef2609a9f70a32732044\recyclerview-1.1.0-api.jar;D:\Android\.gradle\caches\transforms-2\files-2.1\4431c3e0904a4801e5ee42cea611dd3b\transition-1.2.0-api.jar;D:\Android\.gradle\caches\transforms-2\files-2.1\4869191592deee6fee144c19786b8aac\v
java_class_path (initial): D:\Android\.gradle\caches\modules-2\files-2.1\org.jetbrains.kotlin\kotlin-compiler-embeddable\1.3.72\fb72232c8fa977d5e07d33c43381ddbdc5edab6\kotlin-compiler-embeddable-1.3.72.jar;D:\Android\.gradle\caches\modules-2\files-2.1\org.jetbrains.kotlin\kotlin-reflect\1.3.72\86613e1a669a701b0c660bfd2af4f82a7ae11fca\kotlin-reflect-1.3.72.jar;D:\Android\.gradle\caches\modules-2\files-2.1\org.jetbrains.kotlin\kotlin-stdlib\1.3.72\8032138f12c0180bc4e51fe139d4c52b46db6109\kotlin-stdlib-1.3.72.jar;D:\Android\.gradle\caches\modules-2\files-2.1\org.jetbrains.kotlin\kotlin-script-runtime\1.3.72\657d8d34d91e1964b4439378c09933e840bfe8d5\kotlin-script-runtime-1.3.72.jar;D:\Android\.gradle\caches\modules-2\files-2.1\org.jetbrains.kotlin\kotlin-daemon-embeddable\1.3.72\53bbaa2816dbf6bdb85f629451b1fcc88f2164d2\kotlin-daemon-embeddable-1.3.72.jar;D:\Android\.gradle\caches\modules-2\files-2.1\org.jetbrains.intellij.deps\trove4j\1.0.20181211\216c2e14b070f334479d800987affe4054cd563f\trove4j-1.0.20181211.jar;D:\Android\.gradle\caches\modules-2\files-2.1\org.jetbrains.kotlin\kotlin-stdlib-common\1.3.72\6ca8bee3d88957eaaaef077c41c908c9940492d8\kotlin-stdlib-common-1.3.72.jar;D:\Android\.gradle\caches\modules-2\files-2.1\org.jetbrains\annotations\13.0\919f0dfe192fb4e063e7dacadee7f8bb9a2672a9\annotations-13.0.jar;D:\WIN10\Program Files\Android\Android Studio\jre\lib\tools.jar
Launcher Type: SUN_STANDARD

Environment Variables:
JAVA_HOME=D:\jdk15.0.1
CLASSPATH=.;D:\jdk15.0.1\lib\dt.jar;D:\jdk15.0.1\lib\tools.jar 
PATH=E:\vmware16\bin\;C:\Program Files (x86)\Common Files\Intel\Shared Libraries\redist\intel64_win\compiler;C:\Program Files (x86)\Common Files\Intel\Shared Libraries\redist\intel64\compiler;C:\Windows\system32;C:\Windows;C:\Windows\System32\Wbem;C:\Windows\System32\WindowsPowerShell\v1.0\;C:\Program Files (x86)\NVIDIA Corporation\PhysX\Common;C:\WINDOWS\system32;C:\WINDOWS;C:\WINDOWS\System32\Wbem;C:\WINDOWS\System32\WindowsPowerShell\v1.0\;C:\WINDOWS\System32\OpenSSH\;"C:\Program Files\MySQL\MySQL Server 5.7\bin\;";C:\Users\联想\AppData\Local\Programs\Python\Python37\Scripts;C;\Users\联想\AppData\Local\Programs\Python\Python37;E;\matlab\runtime\win64;C:\Program Files\NVIDIA Corporation\NVIDIA NvDLISR;C:\Program Files\TortoiseGit\bin;C:\Program Files\nodejs\node_global;C:\Program Files\nodejs;D:\apache-maven-3.6.3\bin;C:\Program Files\Git\cmd;D:\jdk15.0.1\bin;D:\jdk15.0.1\jre\bin;D:\Android\Sdk\platform-tools;D:\Android\Sdk\tools;C:\Program Files\MySQL\MySQL Shell 8.0\bin\;C:\Users\联想\AppData\Local\Microsoft\WindowsApps;C:\Users\联想\AppData\Local\Programs\Microsoft VS Code Insiders\bin;C:\Users\联想\AppData\Local\Programs\Microsoft VS Code\bin;C:\Users\联想\AppData\Roaming\npm;
USERNAME=联想
OS=Windows_NT
PROCESSOR_IDENTIFIER=Intel64 Family 6 Model 142 Stepping 10, GenuineIntel



---------------  S Y S T E M  ---------------

OS: Windows 10.0 , 64 bit Build 18362 (10.0.18362.1110)

CPU:total 8 (initial active 8) (4 cores per cpu, 2 threads per core) family 6 model 142 stepping 10, cmov, cx8, fxsr, mmx, sse, sse2, sse3, ssse3, sse4.1, sse4.2, popcnt, avx, avx2, aes, clmul, erms, 3dnowpref, lzcnt, ht, tsc, tscinvbit, bmi1, bmi2, adx

Memory: 4k page, physical 8263052k(368412k free), swap 26249604k(5232k free)

vm_info: OpenJDK 64-Bit Server VM (25.242-b01) for windows-amd64 JRE (1.8.0_242-release-1644-b01), built by "builder" with MS VC++ 10.0 (VS2010)

time: Mon Dec 07 22:57:34 2020
timezone: 中国标准时间
elapsed time: 11 seconds (0d 0h 0m 11s)

